#
# There is insufficient memory for the Java Runtime Environment to continue.
# Native memory allocation (malloc) failed to allocate 32744 bytes for ChunkPool::allocate
# Possible reasons:
#   The system is out of physical RAM or swap space
#   The process is running with CompressedOops enabled, and the Java Heap may be blocking the growth of the native heap
# Possible solutions:
#   Reduce memory load on the system
#   Increase physical memory or swap space
#   Check if swap backing store is full
#   Decrease Java heap size (-Xmx/-Xms)
#   Decrease number of Java threads
#   Decrease Java thread stack sizes (-Xss)
#   Set larger code cache with -XX:ReservedCodeCacheSize=
#   JVM is running with Unscaled Compressed Oops mode in which the Java heap is
#     placed in the first 4GB address space. The Java Heap base address is the
#     maximum limit for the native heap growth. Please use -XX:HeapBaseMinAddress
#     to set the Java Heap base and to place the Java Heap above 4GB virtual address.
# This output file may be truncated or incomplete.
#
#  Out of Memory Error (arena.cpp:78), pid=24876, tid=7740
#
# JRE version: OpenJDK Runtime Environment Temurin-17.0.6+10 (17.0.6+10) (build 17.0.6+10)
# Java VM: OpenJDK 64-Bit Server VM Temurin-17.0.6+10 (17.0.6+10, mixed mode, tiered, compressed oops, compressed class ptrs, g1 gc, windows-amd64)
# No core dump will be written. Minidumps are not enabled by default on client versions of Windows
#

---------------  S U M M A R Y ------------

Command Line: -Dfile.encoding=UTF-8 -XX:+ShowCodeDetailsInExceptionMessages Main

Host: AMD Ryzen 5 5600H with Radeon Graphics         , 12 cores, 5G,  Windows 11 , 64 bit Build 22621 (10.0.22621.1344)
Time: Sun Mar 26 20:03:11 2023 GMT Daylight Time elapsed time: 15055.120054 seconds (0d 4h 10m 55s)

---------------  T H R E A D  ---------------

Current thread (0x0000013af2d1fc70):  JavaThread "C1 CompilerThread0" daemon [_thread_in_native, id=7740, stack(0x00000014c1b00000,0x00000014c1c00000)]


Current CompileTask:
C1:15055120 2946   !   3       java.awt.DefaultKeyboardFocusManager::dispatchEvent (1621 bytes)

Stack: [0x00000014c1b00000,0x00000014c1c00000]
Native frames: (J=compiled Java code, j=interpreted, Vv=VM code, C=native code)
V  [jvm.dll+0x67741a]
V  [jvm.dll+0x834434]
V  [jvm.dll+0x835bde]
V  [jvm.dll+0x836243]
V  [jvm.dll+0x2457b5]
V  [jvm.dll+0xabd1c]
V  [jvm.dll+0xac0cc]
V  [jvm.dll+0x176043]
V  [jvm.dll+0x17610d]
V  [jvm.dll+0x178989]
V  [jvm.dll+0x17a601]
V  [jvm.dll+0x134d93]
V  [jvm.dll+0x13468f]
V  [jvm.dll+0x1348c6]
V  [jvm.dll+0x133d5a]
V  [jvm.dll+0x135a21]
V  [jvm.dll+0x22742a]
V  [jvm.dll+0x225565]
V  [jvm.dll+0x7ea2cb]
V  [jvm.dll+0x7e483a]
V  [jvm.dll+0x6762c5]
C  [ucrtbase.dll+0x29363]
C  [KERNEL32.DLL+0x126bd]
C  [ntdll.dll+0x5a9f8]


---------------  P R O C E S S  ---------------

Threads class SMR info:
_java_thread_list=0x0000013afa66b4c0, length=18, elements={
0x0000013af2376020, 0x0000013af2376bd0, 0x0000013af237f800, 0x0000013af2397da0,
0x0000013af2398660, 0x0000013af2399010, 0x0000013af2d1e360, 0x0000013af2d1fc70,
0x0000013af2d20980, 0x0000013af2e839c0, 0x0000013af2e84d00, 0x0000013af2e851d0,
0x0000013af2e86510, 0x0000013af2e82b50, 0x0000013af2e83020, 0x0000013af2e86040,
0x0000013af2e84360, 0x0000013af2debd50
}

Java Threads: ( => current thread )
  0x0000013af2376020 JavaThread "Reference Handler" daemon [_thread_blocked, id=24224, stack(0x00000014c1400000,0x00000014c1500000)]
  0x0000013af2376bd0 JavaThread "Finalizer" daemon [_thread_blocked, id=22960, stack(0x00000014c1500000,0x00000014c1600000)]
  0x0000013af237f800 JavaThread "Signal Dispatcher" daemon [_thread_blocked, id=21264, stack(0x00000014c1600000,0x00000014c1700000)]
  0x0000013af2397da0 JavaThread "Attach Listener" daemon [_thread_blocked, id=18564, stack(0x00000014c1700000,0x00000014c1800000)]
  0x0000013af2398660 JavaThread "Service Thread" daemon [_thread_blocked, id=25408, stack(0x00000014c1800000,0x00000014c1900000)]
  0x0000013af2399010 JavaThread "Monitor Deflation Thread" daemon [_thread_blocked, id=9600, stack(0x00000014c1900000,0x00000014c1a00000)]
  0x0000013af2d1e360 JavaThread "C2 CompilerThread0" daemon [_thread_blocked, id=18964, stack(0x00000014c1a00000,0x00000014c1b00000)]
=>0x0000013af2d1fc70 JavaThread "C1 CompilerThread0" daemon [_thread_in_native, id=7740, stack(0x00000014c1b00000,0x00000014c1c00000)]
  0x0000013af2d20980 JavaThread "Sweeper thread" daemon [_thread_blocked, id=6592, stack(0x00000014c1c00000,0x00000014c1d00000)]
  0x0000013af2e839c0 JavaThread "Notification Thread" daemon [_thread_blocked, id=20324, stack(0x00000014c1d00000,0x00000014c1e00000)]
  0x0000013af2e84d00 JavaThread "Common-Cleaner" daemon [_thread_blocked, id=6948, stack(0x00000014c1f00000,0x00000014c2000000)]
  0x0000013af2e851d0 JavaThread "Java2D Disposer" daemon [_thread_blocked, id=9720, stack(0x00000014c2000000,0x00000014c2100000)]
  0x0000013af2e86510 JavaThread "AWT-Shutdown" [_thread_blocked, id=2032, stack(0x00000014c2100000,0x00000014c2200000)]
  0x0000013af2e82b50 JavaThread "AWT-Windows" daemon [_thread_in_native, id=16856, stack(0x00000014c2200000,0x00000014c2300000)]
  0x0000013af2e83020 JavaThread "AWT-EventQueue-0" [_thread_blocked, id=25080, stack(0x00000014c2d00000,0x00000014c2e00000)]
  0x0000013af2e86040 JavaThread "D3D Screen Updater" daemon [_thread_blocked, id=3808, stack(0x00000014c3000000,0x00000014c3100000)]
  0x0000013af2e84360 JavaThread "DestroyJavaVM" [_thread_blocked, id=2200, stack(0x00000014c0d00000,0x00000014c0e00000)]
  0x0000013af2debd50 JavaThread "TimerQueue" daemon [_thread_blocked, id=10868, stack(0x00000014c3f00000,0x00000014c4000000)]

Other Threads:
  0x0000013af235fdc0 VMThread "VM Thread" [stack: 0x00000014c1300000,0x00000014c1400000] [id=12804]
  0x0000013ad73ce200 WatcherThread [stack: 0x00000014c1e00000,0x00000014c1f00000] [id=16632]
  0x0000013ad73b7a80 GCTaskThread "GC Thread#0" [stack: 0x00000014c0e00000,0x00000014c0f00000] [id=5516]
  0x0000013af36072d0 GCTaskThread "GC Thread#1" [stack: 0x00000014c2f00000,0x00000014c3000000] [id=11780]
  0x0000013af3608850 GCTaskThread "GC Thread#2" [stack: 0x00000014c3300000,0x00000014c3400000] [id=5420]
  0x0000013af3608b00 GCTaskThread "GC Thread#3" [stack: 0x00000014c3400000,0x00000014c3500000] [id=13640]
  0x0000013af36085a0 GCTaskThread "GC Thread#4" [stack: 0x00000014c3500000,0x00000014c3600000] [id=21284]
  0x0000013af3607020 GCTaskThread "GC Thread#5" [stack: 0x00000014c3600000,0x00000014c3700000] [id=2416]
  0x0000013af3607580 GCTaskThread "GC Thread#6" [stack: 0x00000014c3700000,0x00000014c3800000] [id=18244]
  0x0000013af3607830 GCTaskThread "GC Thread#7" [stack: 0x00000014c3800000,0x00000014c3900000] [id=18084]
  0x0000013af3607ae0 GCTaskThread "GC Thread#8" [stack: 0x00000014c3900000,0x00000014c3a00000] [id=9244]
  0x0000013af3607d90 GCTaskThread "GC Thread#9" [stack: 0x00000014c3a00000,0x00000014c3b00000] [id=24152]
  0x0000013ad73c4540 ConcurrentGCThread "G1 Main Marker" [stack: 0x00000014c0f00000,0x00000014c1000000] [id=18712]
  0x0000013ad73c4f50 ConcurrentGCThread "G1 Conc#0" [stack: 0x00000014c1000000,0x00000014c1100000] [id=16520]
  0x0000013ad7428b30 ConcurrentGCThread "G1 Refine#0" [stack: 0x00000014c1100000,0x00000014c1200000] [id=13284]
  0x0000013afa667d40 ConcurrentGCThread "G1 Refine#1" [stack: 0x00000014c3b00000,0x00000014c3c00000] [id=22900]
  0x0000013af361b620 ConcurrentGCThread "G1 Refine#2" [stack: 0x00000014c3c00000,0x00000014c3d00000] [id=4688]
  0x0000013af2eda1d0 ConcurrentGCThread "G1 Refine#3" [stack: 0x00000014c3d00000,0x00000014c3e00000] [id=8800]
  0x0000013af2eda8c0 ConcurrentGCThread "G1 Refine#4" [stack: 0x00000014c3e00000,0x00000014c3f00000] [id=18588]
  0x0000013ad74293f0 ConcurrentGCThread "G1 Service" [stack: 0x00000014c1200000,0x00000014c1300000] [id=6724]

Threads with active compile tasks:
C1 CompilerThread0  15055167 2946   !   3       java.awt.DefaultKeyboardFocusManager::dispatchEvent (1621 bytes)

VM state: not at safepoint (normal execution)

VM Mutex/Monitor currently owned by a thread: None

Heap address: 0x00000000a2400000, size: 1500 MB, Compressed Oops mode: 32-bit

CDS archive(s) not mapped
Compressed class space mapped at: 0x0000000100000000-0x0000000140000000, reserved size: 1073741824
Narrow klass base: 0x0000000000000000, Narrow klass shift: 3, Narrow klass range: 0x140000000

GC Precious Log:
 CPUs: 12 total, 12 available
 Memory: 5996M
 Large Page Support: Disabled
 NUMA Support: Disabled
 Compressed Oops: Enabled (32-bit)
 Heap Region Size: 1M
 Heap Min Capacity: 8M
 Heap Initial Capacity: 94M
 Heap Max Capacity: 1500M
 Pre-touch: Disabled
 Parallel Workers: 10
 Concurrent Workers: 3
 Concurrent Refinement Workers: 10
 Periodic GC: Disabled

Heap:
 garbage-first heap   total 96256K, used 31200K [0x00000000a2400000, 0x0000000100000000)
  region size 1024K, 22 young (22528K), 3 survivors (3072K)
 Metaspace       used 19158K, committed 19328K, reserved 1073152K
  class space    used 1926K, committed 2048K, reserved 1048576K

Heap Regions: E=young(eden), S=young(survivor), O=old, HS=humongous(starts), HC=humongous(continues), CS=collection set, F=free, OA=open archive, CA=closed archive, TAMS=top-at-mark-start (previous, next)
|   0|0x00000000a2400000, 0x00000000a2500000, 0x00000000a2500000|100%| O|  |TAMS 0x00000000a2400000, 0x00000000a2400000| Untracked 
|   1|0x00000000a2500000, 0x00000000a2578000, 0x00000000a2600000| 46%| O|  |TAMS 0x00000000a2500000, 0x00000000a2500000| Untracked 
|   2|0x00000000a2600000, 0x00000000a2700000, 0x00000000a2700000|100%|HS|  |TAMS 0x00000000a2600000, 0x00000000a2600000| Complete 
|   3|0x00000000a2700000, 0x00000000a2800000, 0x00000000a2800000|100%|HC|  |TAMS 0x00000000a2700000, 0x00000000a2700000| Complete 
|   4|0x00000000a2800000, 0x00000000a2900000, 0x00000000a2900000|100%|HC|  |TAMS 0x00000000a2800000, 0x00000000a2800000| Complete 
|   5|0x00000000a2900000, 0x00000000a2a00000, 0x00000000a2a00000|100%|HC|  |TAMS 0x00000000a2900000, 0x00000000a2900000| Complete 
|   6|0x00000000a2a00000, 0x00000000a2b00000, 0x00000000a2b00000|100%|HC|  |TAMS 0x00000000a2a00000, 0x00000000a2a00000| Complete 
|   7|0x00000000a2b00000, 0x00000000a2c00000, 0x00000000a2c00000|100%|HC|  |TAMS 0x00000000a2b00000, 0x00000000a2b00000| Complete 
|   8|0x00000000a2c00000, 0x00000000a2d00000, 0x00000000a2d00000|100%|HC|  |TAMS 0x00000000a2c00000, 0x00000000a2c00000| Complete 
|   9|0x00000000a2d00000, 0x00000000a2e00000, 0x00000000a2e00000|100%|HC|  |TAMS 0x00000000a2d00000, 0x00000000a2d00000| Complete 
|  10|0x00000000a2e00000, 0x00000000a2e00000, 0x00000000a2f00000|  0%| F|  |TAMS 0x00000000a2e00000, 0x00000000a2e00000| Untracked 
|  11|0x00000000a2f00000, 0x00000000a2f00000, 0x00000000a3000000|  0%| F|  |TAMS 0x00000000a2f00000, 0x00000000a2f00000| Untracked 
|  12|0x00000000a3000000, 0x00000000a3000000, 0x00000000a3100000|  0%| F|  |TAMS 0x00000000a3000000, 0x00000000a3000000| Untracked 
|  13|0x00000000a3100000, 0x00000000a3100000, 0x00000000a3200000|  0%| F|  |TAMS 0x00000000a3100000, 0x00000000a3100000| Untracked 
|  14|0x00000000a3200000, 0x00000000a3200000, 0x00000000a3300000|  0%| F|  |TAMS 0x00000000a3200000, 0x00000000a3200000| Untracked 
|  15|0x00000000a3300000, 0x00000000a3300000, 0x00000000a3400000|  0%| F|  |TAMS 0x00000000a3300000, 0x00000000a3300000| Untracked 
|  16|0x00000000a3400000, 0x00000000a3400000, 0x00000000a3500000|  0%| F|  |TAMS 0x00000000a3400000, 0x00000000a3400000| Untracked 
|  17|0x00000000a3500000, 0x00000000a3500000, 0x00000000a3600000|  0%| F|  |TAMS 0x00000000a3500000, 0x00000000a3500000| Untracked 
|  18|0x00000000a3600000, 0x00000000a3600000, 0x00000000a3700000|  0%| F|  |TAMS 0x00000000a3600000, 0x00000000a3600000| Untracked 
|  19|0x00000000a3700000, 0x00000000a3700000, 0x00000000a3800000|  0%| F|  |TAMS 0x00000000a3700000, 0x00000000a3700000| Untracked 
|  20|0x00000000a3800000, 0x00000000a3800000, 0x00000000a3900000|  0%| F|  |TAMS 0x00000000a3800000, 0x00000000a3800000| Untracked 
|  21|0x00000000a3900000, 0x00000000a3900000, 0x00000000a3a00000|  0%| F|  |TAMS 0x00000000a3900000, 0x00000000a3900000| Untracked 
|  22|0x00000000a3a00000, 0x00000000a3a00000, 0x00000000a3b00000|  0%| F|  |TAMS 0x00000000a3a00000, 0x00000000a3a00000| Untracked 
|  23|0x00000000a3b00000, 0x00000000a3b00000, 0x00000000a3c00000|  0%| F|  |TAMS 0x00000000a3b00000, 0x00000000a3b00000| Untracked 
|  24|0x00000000a3c00000, 0x00000000a3c00000, 0x00000000a3d00000|  0%| F|  |TAMS 0x00000000a3c00000, 0x00000000a3c00000| Untracked 
|  25|0x00000000a3d00000, 0x00000000a3d00000, 0x00000000a3e00000|  0%| F|  |TAMS 0x00000000a3d00000, 0x00000000a3d00000| Untracked 
|  26|0x00000000a3e00000, 0x00000000a3e00000, 0x00000000a3f00000|  0%| F|  |TAMS 0x00000000a3e00000, 0x00000000a3e00000| Untracked 
|  27|0x00000000a3f00000, 0x00000000a3f00000, 0x00000000a4000000|  0%| F|  |TAMS 0x00000000a3f00000, 0x00000000a3f00000| Untracked 
|  28|0x00000000a4000000, 0x00000000a4000000, 0x00000000a4100000|  0%| F|  |TAMS 0x00000000a4000000, 0x00000000a4000000| Untracked 
|  29|0x00000000a4100000, 0x00000000a4100000, 0x00000000a4200000|  0%| F|  |TAMS 0x00000000a4100000, 0x00000000a4100000| Untracked 
|  30|0x00000000a4200000, 0x00000000a4200000, 0x00000000a4300000|  0%| F|  |TAMS 0x00000000a4200000, 0x00000000a4200000| Untracked 
|  31|0x00000000a4300000, 0x00000000a4300000, 0x00000000a4400000|  0%| F|  |TAMS 0x00000000a4300000, 0x00000000a4300000| Untracked 
|  32|0x00000000a4400000, 0x00000000a4400000, 0x00000000a4500000|  0%| F|  |TAMS 0x00000000a4400000, 0x00000000a4400000| Untracked 
|  33|0x00000000a4500000, 0x00000000a4500000, 0x00000000a4600000|  0%| F|  |TAMS 0x00000000a4500000, 0x00000000a4500000| Untracked 
|  34|0x00000000a4600000, 0x00000000a4600000, 0x00000000a4700000|  0%| F|  |TAMS 0x00000000a4600000, 0x00000000a4600000| Untracked 
|  35|0x00000000a4700000, 0x00000000a4700000, 0x00000000a4800000|  0%| F|  |TAMS 0x00000000a4700000, 0x00000000a4700000| Untracked 
|  36|0x00000000a4800000, 0x00000000a4800000, 0x00000000a4900000|  0%| F|  |TAMS 0x00000000a4800000, 0x00000000a4800000| Untracked 
|  37|0x00000000a4900000, 0x00000000a4900000, 0x00000000a4a00000|  0%| F|  |TAMS 0x00000000a4900000, 0x00000000a4900000| Untracked 
|  38|0x00000000a4a00000, 0x00000000a4a00000, 0x00000000a4b00000|  0%| F|  |TAMS 0x00000000a4a00000, 0x00000000a4a00000| Untracked 
|  39|0x00000000a4b00000, 0x00000000a4b00000, 0x00000000a4c00000|  0%| F|  |TAMS 0x00000000a4b00000, 0x00000000a4b00000| Untracked 
|  40|0x00000000a4c00000, 0x00000000a4c00000, 0x00000000a4d00000|  0%| F|  |TAMS 0x00000000a4c00000, 0x00000000a4c00000| Untracked 
|  41|0x00000000a4d00000, 0x00000000a4d00000, 0x00000000a4e00000|  0%| F|  |TAMS 0x00000000a4d00000, 0x00000000a4d00000| Untracked 
|  42|0x00000000a4e00000, 0x00000000a4e00000, 0x00000000a4f00000|  0%| F|  |TAMS 0x00000000a4e00000, 0x00000000a4e00000| Untracked 
|  43|0x00000000a4f00000, 0x00000000a4f00000, 0x00000000a5000000|  0%| F|  |TAMS 0x00000000a4f00000, 0x00000000a4f00000| Untracked 
|  44|0x00000000a5000000, 0x00000000a5000000, 0x00000000a5100000|  0%| F|  |TAMS 0x00000000a5000000, 0x00000000a5000000| Untracked 
|  45|0x00000000a5100000, 0x00000000a5100000, 0x00000000a5200000|  0%| F|  |TAMS 0x00000000a5100000, 0x00000000a5100000| Untracked 
|  46|0x00000000a5200000, 0x00000000a5200000, 0x00000000a5300000|  0%| F|  |TAMS 0x00000000a5200000, 0x00000000a5200000| Untracked 
|  47|0x00000000a5300000, 0x00000000a5300000, 0x00000000a5400000|  0%| F|  |TAMS 0x00000000a5300000, 0x00000000a5300000| Untracked 
|  48|0x00000000a5400000, 0x00000000a5400000, 0x00000000a5500000|  0%| F|  |TAMS 0x00000000a5400000, 0x00000000a5400000| Untracked 
|  49|0x00000000a5500000, 0x00000000a5500000, 0x00000000a5600000|  0%| F|  |TAMS 0x00000000a5500000, 0x00000000a5500000| Untracked 
|  50|0x00000000a5600000, 0x00000000a5600000, 0x00000000a5700000|  0%| F|  |TAMS 0x00000000a5600000, 0x00000000a5600000| Untracked 
|  51|0x00000000a5700000, 0x00000000a5700000, 0x00000000a5800000|  0%| F|  |TAMS 0x00000000a5700000, 0x00000000a5700000| Untracked 
|  52|0x00000000a5800000, 0x00000000a5800000, 0x00000000a5900000|  0%| F|  |TAMS 0x00000000a5800000, 0x00000000a5800000| Untracked 
|  53|0x00000000a5900000, 0x00000000a5900000, 0x00000000a5a00000|  0%| F|  |TAMS 0x00000000a5900000, 0x00000000a5900000| Untracked 
|  54|0x00000000a5a00000, 0x00000000a5a00000, 0x00000000a5b00000|  0%| F|  |TAMS 0x00000000a5a00000, 0x00000000a5a00000| Untracked 
|  55|0x00000000a5b00000, 0x00000000a5b00000, 0x00000000a5c00000|  0%| F|  |TAMS 0x00000000a5b00000, 0x00000000a5b00000| Untracked 
|  56|0x00000000a5c00000, 0x00000000a5c00000, 0x00000000a5d00000|  0%| F|  |TAMS 0x00000000a5c00000, 0x00000000a5c00000| Untracked 
|  57|0x00000000a5d00000, 0x00000000a5d00000, 0x00000000a5e00000|  0%| F|  |TAMS 0x00000000a5d00000, 0x00000000a5d00000| Untracked 
|  58|0x00000000a5e00000, 0x00000000a5e00000, 0x00000000a5f00000|  0%| F|  |TAMS 0x00000000a5e00000, 0x00000000a5e00000| Untracked 
|  59|0x00000000a5f00000, 0x00000000a5f00000, 0x00000000a6000000|  0%| F|  |TAMS 0x00000000a5f00000, 0x00000000a5f00000| Untracked 
|  60|0x00000000a6000000, 0x00000000a6000000, 0x00000000a6100000|  0%| F|  |TAMS 0x00000000a6000000, 0x00000000a6000000| Untracked 
|  61|0x00000000a6100000, 0x00000000a6100000, 0x00000000a6200000|  0%| F|  |TAMS 0x00000000a6100000, 0x00000000a6100000| Untracked 
|  62|0x00000000a6200000, 0x00000000a6200000, 0x00000000a6300000|  0%| F|  |TAMS 0x00000000a6200000, 0x00000000a6200000| Untracked 
|  63|0x00000000a6300000, 0x00000000a6300000, 0x00000000a6400000|  0%| F|  |TAMS 0x00000000a6300000, 0x00000000a6300000| Untracked 
|  64|0x00000000a6400000, 0x00000000a6400000, 0x00000000a6500000|  0%| F|  |TAMS 0x00000000a6400000, 0x00000000a6400000| Untracked 
|  65|0x00000000a6500000, 0x00000000a6500000, 0x00000000a6600000|  0%| F|  |TAMS 0x00000000a6500000, 0x00000000a6500000| Untracked 
|  66|0x00000000a6600000, 0x00000000a6600000, 0x00000000a6700000|  0%| F|  |TAMS 0x00000000a6600000, 0x00000000a6600000| Untracked 
|  67|0x00000000a6700000, 0x00000000a6700000, 0x00000000a6800000|  0%| F|  |TAMS 0x00000000a6700000, 0x00000000a6700000| Untracked 
|  68|0x00000000a6800000, 0x00000000a6900000, 0x00000000a6900000|100%| S|CS|TAMS 0x00000000a6800000, 0x00000000a6800000| Complete 
|  69|0x00000000a6900000, 0x00000000a6a00000, 0x00000000a6a00000|100%| S|CS|TAMS 0x00000000a6900000, 0x00000000a6900000| Complete 
|  70|0x00000000a6a00000, 0x00000000a6b00000, 0x00000000a6b00000|100%| S|CS|TAMS 0x00000000a6a00000, 0x00000000a6a00000| Complete 
|  71|0x00000000a6b00000, 0x00000000a6b00000, 0x00000000a6c00000|  0%| F|  |TAMS 0x00000000a6b00000, 0x00000000a6b00000| Untracked 
|  72|0x00000000a6c00000, 0x00000000a6c00000, 0x00000000a6d00000|  0%| F|  |TAMS 0x00000000a6c00000, 0x00000000a6c00000| Untracked 
|  73|0x00000000a6d00000, 0x00000000a6d00000, 0x00000000a6e00000|  0%| F|  |TAMS 0x00000000a6d00000, 0x00000000a6d00000| Untracked 
|  74|0x00000000a6e00000, 0x00000000a6e00000, 0x00000000a6f00000|  0%| F|  |TAMS 0x00000000a6e00000, 0x00000000a6e00000| Untracked 
|  75|0x00000000a6f00000, 0x00000000a7000000, 0x00000000a7000000|100%| E|  |TAMS 0x00000000a6f00000, 0x00000000a6f00000| Complete 
|  76|0x00000000a7000000, 0x00000000a7100000, 0x00000000a7100000|100%| E|CS|TAMS 0x00000000a7000000, 0x00000000a7000000| Complete 
|  77|0x00000000a7100000, 0x00000000a7200000, 0x00000000a7200000|100%| E|CS|TAMS 0x00000000a7100000, 0x00000000a7100000| Complete 
|  78|0x00000000a7200000, 0x00000000a7300000, 0x00000000a7300000|100%| E|CS|TAMS 0x00000000a7200000, 0x00000000a7200000| Complete 
|  79|0x00000000a7300000, 0x00000000a7400000, 0x00000000a7400000|100%| E|CS|TAMS 0x00000000a7300000, 0x00000000a7300000| Complete 
|  80|0x00000000a7400000, 0x00000000a7500000, 0x00000000a7500000|100%| E|CS|TAMS 0x00000000a7400000, 0x00000000a7400000| Complete 
|  81|0x00000000a7500000, 0x00000000a7600000, 0x00000000a7600000|100%| E|CS|TAMS 0x00000000a7500000, 0x00000000a7500000| Complete 
|  82|0x00000000a7600000, 0x00000000a7700000, 0x00000000a7700000|100%| E|CS|TAMS 0x00000000a7600000, 0x00000000a7600000| Complete 
|  83|0x00000000a7700000, 0x00000000a7800000, 0x00000000a7800000|100%| E|CS|TAMS 0x00000000a7700000, 0x00000000a7700000| Complete 
|  84|0x00000000a7800000, 0x00000000a7900000, 0x00000000a7900000|100%| E|CS|TAMS 0x00000000a7800000, 0x00000000a7800000| Complete 
|  85|0x00000000a7900000, 0x00000000a7a00000, 0x00000000a7a00000|100%| E|CS|TAMS 0x00000000a7900000, 0x00000000a7900000| Complete 
|  86|0x00000000a7a00000, 0x00000000a7b00000, 0x00000000a7b00000|100%| E|CS|TAMS 0x00000000a7a00000, 0x00000000a7a00000| Complete 
|  87|0x00000000a7b00000, 0x00000000a7c00000, 0x00000000a7c00000|100%| E|CS|TAMS 0x00000000a7b00000, 0x00000000a7b00000| Complete 
|  88|0x00000000a7c00000, 0x00000000a7d00000, 0x00000000a7d00000|100%| E|CS|TAMS 0x00000000a7c00000, 0x00000000a7c00000| Complete 
|  89|0x00000000a7d00000, 0x00000000a7e00000, 0x00000000a7e00000|100%| E|CS|TAMS 0x00000000a7d00000, 0x00000000a7d00000| Complete 
|  90|0x00000000a7e00000, 0x00000000a7f00000, 0x00000000a7f00000|100%| E|CS|TAMS 0x00000000a7e00000, 0x00000000a7e00000| Complete 
|  91|0x00000000a7f00000, 0x00000000a8000000, 0x00000000a8000000|100%| E|CS|TAMS 0x00000000a7f00000, 0x00000000a7f00000| Complete 
|  92|0x00000000a8000000, 0x00000000a8100000, 0x00000000a8100000|100%| E|CS|TAMS 0x00000000a8000000, 0x00000000a8000000| Complete 
|  93|0x00000000a8100000, 0x00000000a8200000, 0x00000000a8200000|100%| E|CS|TAMS 0x00000000a8100000, 0x00000000a8100000| Complete 

Card table byte_map: [0x0000013aec1c0000,0x0000013aec4b0000] _byte_map_base: 0x0000013aebcae000

Marking Bits (Prev, Next): (CMBitMap*) 0x0000013ad73b8090, (CMBitMap*) 0x0000013ad73b80d0
 Prev Bits: [0x0000013aec7a0000, 0x0000013aedf10000)
 Next Bits: [0x0000013aedf10000, 0x0000013aef680000)

Polling page: 0x0000013ad70e0000

Metaspace:

Usage:
  Non-class:     16.83 MB used.
      Class:      1.88 MB used.
       Both:     18.71 MB used.

Virtual space:
  Non-class space:       24.00 MB reserved,      16.88 MB ( 70%) committed,  3 nodes.
      Class space:        1.00 GB reserved,       2.00 MB ( <1%) committed,  1 nodes.
             Both:        1.02 GB reserved,      18.88 MB (  2%) committed. 

Chunk freelists:
   Non-Class:  3.00 MB
       Class:  2.05 MB
        Both:  5.05 MB

MaxMetaspaceSize: unlimited
CompressedClassSpaceSize: 1.00 GB
Initial GC threshold: 21.00 MB
Current GC threshold: 21.00 MB
CDS: off
MetaspaceReclaimPolicy: balanced
 - commit_granule_bytes: 65536.
 - commit_granule_words: 8192.
 - virtual_space_node_default_size: 1048576.
 - enlarge_chunks_in_place: 1.
 - new_chunks_are_fully_committed: 0.
 - uncommit_free_chunks: 1.
 - use_allocation_guard: 0.
 - handle_deallocations: 1.


Internal statistics:

num_allocs_failed_limit: 0.
num_arena_births: 130.
num_arena_deaths: 0.
num_vsnodes_births: 4.
num_vsnodes_deaths: 0.
num_space_committed: 302.
num_space_uncommitted: 0.
num_chunks_returned_to_freelist: 0.
num_chunks_taken_from_freelist: 233.
num_chunk_merges: 0.
num_chunk_splits: 109.
num_chunks_enlarged: 37.
num_purges: 0.
num_inconsistent_stats: 0.

CodeHeap 'non-profiled nmethods': size=120000Kb used=1267Kb max_used=1267Kb free=118732Kb
 bounds [0x0000013ae3d00000, 0x0000013ae3f70000, 0x0000013aeb230000]
CodeHeap 'profiled nmethods': size=120000Kb used=5749Kb max_used=5749Kb free=114250Kb
 bounds [0x0000013adc230000, 0x0000013adc7d0000, 0x0000013ae3760000]
CodeHeap 'non-nmethods': size=5760Kb used=1310Kb max_used=1355Kb free=4449Kb
 bounds [0x0000013ae3760000, 0x0000013ae39d0000, 0x0000013ae3d00000]
 total_blobs=3584 nmethods=2944 adapters=550
 compilation: enabled
              stopped_count=0, restarted_count=0
 full_count=0

Compilation events (20 events):
Event: 15054.604 Thread 0x0000013af2d1fc70 nmethod 2934 0x0000013adc7c8710 code [0x0000013adc7c88a0, 0x0000013adc7c89b8]
Event: 15054.809 Thread 0x0000013af2d1e360 2935       4       java.util.Arrays::binarySearch0 (95 bytes)
Event: 15054.831 Thread 0x0000013af2d1e360 nmethod 2935 0x0000013ae3e3bd90 code [0x0000013ae3e3bf20, 0x0000013ae3e3c118]
Event: 15054.995 Thread 0x0000013af2d1fc70 2936       3       java.awt.Container::updateChildGraphicsData (55 bytes)
Event: 15055.004 Thread 0x0000013af2d1fc70 nmethod 2936 0x0000013adc7c8a90 code [0x0000013adc7c8cc0, 0x0000013adc7c9438]
Event: 15055.011 Thread 0x0000013af2d1fc70 2937       3       java.awt.Component::updateGraphicsData (34 bytes)
Event: 15055.015 Thread 0x0000013af2d1fc70 nmethod 2937 0x0000013adc7c9710 code [0x0000013adc7c98e0, 0x0000013adc7c9c08]
Event: 15055.015 Thread 0x0000013af2d1fc70 2938       3       java.awt.Component::updateSelfGraphicsData (38 bytes)
Event: 15055.016 Thread 0x0000013af2d1fc70 nmethod 2938 0x0000013adc7c9d10 code [0x0000013adc7c9f00, 0x0000013adc7ca408]
Event: 15055.016 Thread 0x0000013af2d1fc70 2939       1       sun.awt.NullComponentPeer::updateGraphicsData (2 bytes)
Event: 15055.017 Thread 0x0000013af2d1fc70 nmethod 2939 0x0000013ae3e3c710 code [0x0000013ae3e3c8a0, 0x0000013ae3e3c978]
Event: 15055.018 Thread 0x0000013af2d1fc70 2941       3       java.util.WeakHashMap$HashIterator::hasNext (95 bytes)
Event: 15055.020 Thread 0x0000013af2d1fc70 nmethod 2941 0x0000013adc7ca590 code [0x0000013adc7ca760, 0x0000013adc7cacf8]
Event: 15055.020 Thread 0x0000013af2d1fc70 2942       3       java.util.WeakHashMap$KeyIterator::next (8 bytes)
Event: 15055.022 Thread 0x0000013af2d1fc70 nmethod 2942 0x0000013adc7cae90 code [0x0000013adc7cb040, 0x0000013adc7cb3e8]
Event: 15055.022 Thread 0x0000013af2d1fc70 2943       3       sun.awt.windows.WWindowPeer::updateGC (147 bytes)
Event: 15055.038 Thread 0x0000013af2d1e360 2945       4       java.util.IdentityHashMap::isEmpty (13 bytes)
Event: 15055.041 Thread 0x0000013af2d1e360 nmethod 2945 0x0000013ae3e3ca10 code [0x0000013ae3e3cb80, 0x0000013ae3e3cc18]
Event: 15055.063 Thread 0x0000013af2d1fc70 nmethod 2943 0x0000013adc7cb510 code [0x0000013adc7cb880, 0x0000013adc7ccf68]
Event: 15055.063 Thread 0x0000013af2d1fc70 2946   !   3       java.awt.DefaultKeyboardFocusManager::dispatchEvent (1621 bytes)

GC Heap History (2 events):
Event: 13.668 GC heap before
{Heap before GC invocations=0 (full 0):
 garbage-first heap   total 96256K, used 23552K [0x00000000a2400000, 0x0000000100000000)
  region size 1024K, 23 young (23552K), 0 survivors (0K)
 Metaspace       used 18716K, committed 18944K, reserved 1073152K
  class space    used 1902K, committed 2048K, reserved 1048576K
}
Event: 13.674 GC heap after
{Heap after GC invocations=1 (full 0):
 garbage-first heap   total 96256K, used 4576K [0x00000000a2400000, 0x0000000100000000)
  region size 1024K, 3 young (3072K), 3 survivors (3072K)
 Metaspace       used 18716K, committed 18944K, reserved 1073152K
  class space    used 1902K, committed 2048K, reserved 1048576K
}

Dll operation events (8 events):
Event: 0.007 Loaded shared library C:\Users\mimiw\.p2\pool\plugins\org.eclipse.justj.openjdk.hotspot.jre.full.win32.x86_64_17.0.6.v20230204-1729\jre\bin\java.dll
Event: 0.146 Loaded shared library C:\Users\mimiw\.p2\pool\plugins\org.eclipse.justj.openjdk.hotspot.jre.full.win32.x86_64_17.0.6.v20230204-1729\jre\bin\jimage.dll
Event: 0.162 Loaded shared library C:\Users\mimiw\.p2\pool\plugins\org.eclipse.justj.openjdk.hotspot.jre.full.win32.x86_64_17.0.6.v20230204-1729\jre\bin\net.dll
Event: 0.165 Loaded shared library C:\Users\mimiw\.p2\pool\plugins\org.eclipse.justj.openjdk.hotspot.jre.full.win32.x86_64_17.0.6.v20230204-1729\jre\bin\nio.dll
Event: 0.172 Loaded shared library C:\Users\mimiw\.p2\pool\plugins\org.eclipse.justj.openjdk.hotspot.jre.full.win32.x86_64_17.0.6.v20230204-1729\jre\bin\zip.dll
Event: 0.242 Loaded shared library C:\Users\mimiw\.p2\pool\plugins\org.eclipse.justj.openjdk.hotspot.jre.full.win32.x86_64_17.0.6.v20230204-1729\jre\bin\awt.dll
Event: 0.563 Loaded shared library C:\Users\mimiw\.p2\pool\plugins\org.eclipse.justj.openjdk.hotspot.jre.full.win32.x86_64_17.0.6.v20230204-1729\jre\bin\freetype.dll
Event: 0.563 Loaded shared library C:\Users\mimiw\.p2\pool\plugins\org.eclipse.justj.openjdk.hotspot.jre.full.win32.x86_64_17.0.6.v20230204-1729\jre\bin\fontmanager.dll

Deoptimization events (20 events):
Event: 15054.691 Thread 0x0000013af2e83020 Uncommon trap: trap_request=0xffffff45 fr.pc=0x0000013ae3d9b708 relative=0x00000000000000e8
Event: 15054.693 Thread 0x0000013af2e83020 Uncommon trap: reason=unstable_if action=reinterpret pc=0x0000013ae3d9b708 method=java.awt.Component.updateSelfGraphicsData(Ljava/awt/GraphicsConfiguration;)Z @ 25 c2
Event: 15054.695 Thread 0x0000013af2e83020 DEOPT PACKING pc=0x0000013ae3d9b708 sp=0x00000014c2dff120
Event: 15054.699 Thread 0x0000013af2e83020 DEOPT UNPACKING pc=0x0000013ae37b69a3 sp=0x00000014c2dff070 mode 2
Event: 15054.902 Thread 0x0000013af2e83020 Uncommon trap: trap_request=0xffffff45 fr.pc=0x0000013ae3d9c488 relative=0x00000000000001c8
Event: 15054.902 Thread 0x0000013af2e83020 Uncommon trap: reason=unstable_if action=reinterpret pc=0x0000013ae3d9c488 method=java.awt.Component.updateSelfGraphicsData(Ljava/awt/GraphicsConfiguration;)Z @ 25 c2
Event: 15054.915 Thread 0x0000013af2e83020 DEOPT PACKING pc=0x0000013ae3d9c488 sp=0x00000014c2dff060
Event: 15054.918 Thread 0x0000013af2e83020 DEOPT UNPACKING pc=0x0000013ae37b69a3 sp=0x00000014c2dfef58 mode 2
Event: 15054.936 Thread 0x0000013af2e83020 Uncommon trap: trap_request=0xffffff45 fr.pc=0x0000013ae3d9bc50 relative=0x00000000000000b0
Event: 15054.936 Thread 0x0000013af2e83020 Uncommon trap: reason=unstable_if action=reinterpret pc=0x0000013ae3d9bc50 method=java.awt.Component.updateSelfGraphicsData(Ljava/awt/GraphicsConfiguration;)Z @ 25 c2
Event: 15054.936 Thread 0x0000013af2e83020 DEOPT PACKING pc=0x0000013ae3d9bc50 sp=0x00000014c2dfee90
Event: 15054.936 Thread 0x0000013af2e83020 DEOPT UNPACKING pc=0x0000013ae37b69a3 sp=0x00000014c2dfee48 mode 2
Event: 15054.975 Thread 0x0000013af2e83020 Uncommon trap: trap_request=0xffffff45 fr.pc=0x0000013ae3e009f8 relative=0x0000000000000418
Event: 15054.975 Thread 0x0000013af2e83020 Uncommon trap: reason=unstable_if action=reinterpret pc=0x0000013ae3e009f8 method=sun.swing.SwingUtilities2.isScaleChanged(Ljava/lang/String;Ljava/lang/Object;Ljava/lang/Object;)Z @ 65 c2
Event: 15054.975 Thread 0x0000013af2e83020 DEOPT PACKING pc=0x0000013ae3e009f8 sp=0x00000014c2dfe970
Event: 15054.976 Thread 0x0000013af2e83020 DEOPT UNPACKING pc=0x0000013ae37b69a3 sp=0x00000014c2dfe8e8 mode 2
Event: 15055.041 Thread 0x0000013af2e86040 Uncommon trap: trap_request=0xffffffcc fr.pc=0x0000013ae3e37230 relative=0x0000000000000b30
Event: 15055.043 Thread 0x0000013af2e86040 Uncommon trap: reason=intrinsic_or_type_checked_inlining action=make_not_entrant pc=0x0000013ae3e37230 method=java.util.ArrayList.toArray([Ljava/lang/Object;)[Ljava/lang/Object; @ 36 c2
Event: 15055.043 Thread 0x0000013af2e86040 DEOPT PACKING pc=0x0000013ae3e37230 sp=0x00000014c30ff2a0
Event: 15055.044 Thread 0x0000013af2e86040 DEOPT UNPACKING pc=0x0000013ae37b69a3 sp=0x00000014c30ff1b0 mode 2

Classes unloaded (0 events):
No events

Classes redefined (0 events):
No events

Internal exceptions (16 events):
Event: 0.220 Thread 0x0000013ad71ea7e0 Exception <a 'java/lang/ClassNotFoundException'{0x00000000a80d0490}: sun/awt/resources/spi/awtProvider> (0x00000000a80d0490) 
thrown [s\src\hotspot\share\classfile\systemDictionary.cpp, line 256]
Event: 0.265 Thread 0x0000013ad71ea7e0 Exception <a 'java/io/FileNotFoundException'{0x00000000a7f2ae30}> (0x00000000a7f2ae30) 
thrown [s\src\hotspot\share\prims\jni.cpp, line 516]
Event: 0.274 Thread 0x0000013ad71ea7e0 Exception <a 'java/io/FileNotFoundException'{0x00000000a7f57d78}> (0x00000000a7f57d78) 
thrown [s\src\hotspot\share\prims\jni.cpp, line 516]
Event: 0.354 Thread 0x0000013ad71ea7e0 Exception <a 'java/lang/NoSuchMethodError'{0x00000000a7fa9eb0}: 'java.lang.Object java.lang.invoke.DirectMethodHandle$Holder.invokeStaticInit(java.lang.Object)'> (0x00000000a7fa9eb0) 
thrown [s\src\hotspot\share\interpreter\linkResolver.cpp, line 759]
Event: 0.493 Thread 0x0000013ad71ea7e0 Exception <a 'java/lang/NoSuchMethodError'{0x00000000a7e08d30}: 'void java.lang.invoke.DirectMethodHandle$Holder.invokeSpecial(java.lang.Object, java.lang.Object, java.lang.Object)'> (0x00000000a7e08d30) 
thrown [s\src\hotspot\share\interpreter\linkResolver.cpp, line 759]
Event: 0.502 Thread 0x0000013ad71ea7e0 Exception <a 'java/lang/NoSuchMethodError'{0x00000000a7e32f70}: 'java.lang.Object java.lang.invoke.DirectMethodHandle$Holder.newInvokeSpecial(java.lang.Object, java.lang.Object, java.lang.Object, java.lang.Object, java.lang.Object)'> (0x00000000a7e32f70) 
thrown [s\src\hotspot\share\interpreter\linkResolver.cpp, line 759]
Event: 0.503 Thread 0x0000013ad71ea7e0 Exception <a 'java/lang/NoSuchMethodError'{0x00000000a7e3e938}: 'java.lang.Object java.lang.invoke.DirectMethodHandle$Holder.invokeStatic(java.lang.Object, int, java.lang.Object, java.lang.Object, java.lang.Object, java.lang.Object)'> (0x00000000a7e3e938) 
thrown [s\src\hotspot\share\interpreter\linkResolver.cpp, line 759]
Event: 0.507 Thread 0x0000013ad71ea7e0 Exception <a 'java/lang/NoSuchMethodError'{0x00000000a7e640f8}: 'java.lang.Object java.lang.invoke.DirectMethodHandle$Holder.invokeStatic(java.lang.Object, int, java.lang.Object)'> (0x00000000a7e640f8) 
thrown [s\src\hotspot\share\interpreter\linkResolver.cpp, line 759]
Event: 0.527 Thread 0x0000013ad71ea7e0 Exception <a 'java/lang/ClassNotFoundException'{0x00000000a7d1c2c8}: com/sun/swing/internal/plaf/metal/resources/spi/metalProvider> (0x00000000a7d1c2c8) 
thrown [s\src\hotspot\share\classfile\systemDictionary.cpp, line 256]
Event: 0.529 Thread 0x0000013ad71ea7e0 Exception <a 'java/lang/ClassNotFoundException'{0x00000000a7d20120}: com/sun/swing/internal/plaf/basic/resources/spi/basicProvider> (0x00000000a7d20120) 
thrown [s\src\hotspot\share\classfile\systemDictionary.cpp, line 256]
Event: 0.546 Thread 0x0000013af2e82b50 Exception <a 'java/lang/NoSuchMethodError'{0x00000000a7ffb928}: 'void java.lang.invoke.DirectMethodHandle$Holder.invokeVirtual(java.lang.Object, java.lang.Object)'> (0x00000000a7ffb928) 
thrown [s\src\hotspot\share\interpreter\linkResolver.cpp, line 759]
Event: 0.558 Thread 0x0000013ad71ea7e0 Exception <a 'java/lang/NoSuchMethodError'{0x00000000a7d5a8c8}: 'void java.lang.invoke.DirectMethodHandle$Holder.invokeStaticInit(java.lang.Object)'> (0x00000000a7d5a8c8) 
thrown [s\src\hotspot\share\interpreter\linkResolver.cpp, line 759]
Event: 0.820 Thread 0x0000013af2e84360 Exception <a 'java/lang/NoSuchMethodError'{0x00000000a7bf8878}: 'java.lang.Object java.lang.invoke.DirectMethodHandle$Holder.newInvokeSpecial(java.lang.Object, java.lang.Object, java.lang.Object, int, int, int, int, int)'> (0x00000000a7bf8878) 
thrown [s\src\hotspot\share\interpreter\linkResolver.cpp, line 759]
Event: 0.875 Thread 0x0000013ad71ea7e0 Exception <a 'java/lang/NoSuchMethodError'{0x00000000a7be3680}: 'int java.lang.invoke.DirectMethodHandle$Holder.invokeStatic(java.lang.Object)'> (0x00000000a7be3680) 
thrown [s\src\hotspot\share\interpreter\linkResolver.cpp, line 759]
Event: 11.201 Thread 0x0000013af2e83020 Implicit null exception at 0x0000013ae3d7ce73 to 0x0000013ae3d7cf0c
Event: 11.201 Thread 0x0000013af2e84360 Implicit null exception at 0x0000013ae3d732f0 to 0x0000013ae3d73554

VM Operations (20 events):
Event: 24.750 Executing VM operation: Cleanup done
Event: 25.752 Executing VM operation: Cleanup
Event: 25.752 Executing VM operation: Cleanup done
Event: 26.754 Executing VM operation: Cleanup
Event: 26.754 Executing VM operation: Cleanup done
Event: 27.755 Executing VM operation: Cleanup
Event: 27.755 Executing VM operation: Cleanup done
Event: 28.758 Executing VM operation: Cleanup
Event: 28.758 Executing VM operation: Cleanup done
Event: 29.758 Executing VM operation: Cleanup
Event: 29.758 Executing VM operation: Cleanup done
Event: 30.760 Executing VM operation: Cleanup
Event: 30.760 Executing VM operation: Cleanup done
Event: 509.837 Executing VM operation: Cleanup
Event: 509.841 Executing VM operation: Cleanup done
Event: 8843.501 Executing VM operation: Cleanup
Event: 8843.505 Executing VM operation: Cleanup done
Event: 15054.060 Executing VM operation: Cleanup
Event: 15054.092 Executing VM operation: Cleanup done
Event: 15055.100 Executing VM operation: Cleanup

Events (20 events):
Event: 14.827 loading class java/time/temporal/TemporalUnit done
Event: 14.827 loading class java/time/temporal/ChronoUnit done
Event: 14.827 loading class java/time/Duration
Event: 14.827 loading class java/time/temporal/TemporalAmount
Event: 14.827 loading class java/time/temporal/TemporalAmount done
Event: 14.827 loading class java/time/Duration done
Event: 14.827 loading class java/math/BigInteger
Event: 14.828 loading class java/math/BigInteger done
Event: 15.431 loading class javax/swing/Timer$1
Event: 15.431 loading class javax/swing/Timer$1 done
Event: 25.819 Thread 0x0000013afa7dbfd0 Thread added: 0x0000013afa7dbfd0
Event: 25.942 Thread 0x0000013afa7dbfd0 Thread exited: 0x0000013afa7dbfd0
Event: 15053.526 loading class java/util/Collections$SynchronizedSet
Event: 15053.743 loading class java/util/Collections$SynchronizedSet done
Event: 15053.795 loading class java/util/WeakHashMap$KeyIterator
Event: 15053.851 loading class java/util/WeakHashMap$HashIterator
Event: 15053.925 loading class java/util/WeakHashMap$HashIterator done
Event: 15053.925 loading class java/util/WeakHashMap$KeyIterator done
Event: 15054.569 loading class javax/swing/RepaintManager$DisplayChangedRunnable
Event: 15054.583 loading class javax/swing/RepaintManager$DisplayChangedRunnable done


Dynamic libraries:
0x00007ff74c870000 - 0x00007ff74c87e000 	C:\Users\mimiw\.p2\pool\plugins\org.eclipse.justj.openjdk.hotspot.jre.full.win32.x86_64_17.0.6.v20230204-1729\jre\bin\javaw.exe
0x00007ff9f6470000 - 0x00007ff9f6684000 	C:\WINDOWS\SYSTEM32\ntdll.dll
0x00007ff9f44e0000 - 0x00007ff9f45a3000 	C:\WINDOWS\System32\KERNEL32.DLL
0x00007ff9f3ac0000 - 0x00007ff9f3e5c000 	C:\WINDOWS\System32\KERNELBASE.dll
0x00007ff9f3e60000 - 0x00007ff9f3f71000 	C:\WINDOWS\System32\ucrtbase.dll
0x00007ff9cea20000 - 0x00007ff9cea37000 	C:\Users\mimiw\.p2\pool\plugins\org.eclipse.justj.openjdk.hotspot.jre.full.win32.x86_64_17.0.6.v20230204-1729\jre\bin\jli.dll
0x00007ff9cea40000 - 0x00007ff9cea59000 	C:\Users\mimiw\.p2\pool\plugins\org.eclipse.justj.openjdk.hotspot.jre.full.win32.x86_64_17.0.6.v20230204-1729\jre\bin\VCRUNTIME140.dll
0x00007ff9f4770000 - 0x00007ff9f491d000 	C:\WINDOWS\System32\USER32.dll
0x00007ff9d7710000 - 0x00007ff9d799e000 	C:\WINDOWS\WinSxS\amd64_microsoft.windows.common-controls_6595b64144ccf1df_6.0.22621.608_none_a9444ca7c10bb01d\COMCTL32.dll
0x00007ff9f3f80000 - 0x00007ff9f3fa6000 	C:\WINDOWS\System32\win32u.dll
0x00007ff9f58e0000 - 0x00007ff9f5987000 	C:\WINDOWS\System32\msvcrt.dll
0x00007ff9f4400000 - 0x00007ff9f4429000 	C:\WINDOWS\System32\GDI32.dll
0x00007ff9f3920000 - 0x00007ff9f3a33000 	C:\WINDOWS\System32\gdi32full.dll
0x00007ff9f4070000 - 0x00007ff9f410a000 	C:\WINDOWS\System32\msvcp_win.dll
0x00007ff9f5360000 - 0x00007ff9f5391000 	C:\WINDOWS\System32\IMM32.DLL
0x00007ff9e5070000 - 0x00007ff9e507c000 	C:\Users\mimiw\.p2\pool\plugins\org.eclipse.justj.openjdk.hotspot.jre.full.win32.x86_64_17.0.6.v20230204-1729\jre\bin\vcruntime140_1.dll
0x00007ff9ce980000 - 0x00007ff9cea11000 	C:\Users\mimiw\.p2\pool\plugins\org.eclipse.justj.openjdk.hotspot.jre.full.win32.x86_64_17.0.6.v20230204-1729\jre\bin\msvcp140.dll
0x00007ff99a920000 - 0x00007ff99b567000 	C:\Users\mimiw\.p2\pool\plugins\org.eclipse.justj.openjdk.hotspot.jre.full.win32.x86_64_17.0.6.v20230204-1729\jre\bin\server\jvm.dll
0x00007ff9f4430000 - 0x00007ff9f44de000 	C:\WINDOWS\System32\ADVAPI32.dll
0x00007ff9f6350000 - 0x00007ff9f63f4000 	C:\WINDOWS\System32\sechost.dll
0x00007ff9f4280000 - 0x00007ff9f4395000 	C:\WINDOWS\System32\RPCRT4.dll
0x00007ff9eae00000 - 0x00007ff9eae34000 	C:\WINDOWS\SYSTEM32\WINMM.dll
0x00007ff9dc660000 - 0x00007ff9dc669000 	C:\WINDOWS\SYSTEM32\WSOCK32.dll
0x00007ff9ea400000 - 0x00007ff9ea40a000 	C:\WINDOWS\SYSTEM32\VERSION.dll
0x00007ff9f5780000 - 0x00007ff9f57f1000 	C:\WINDOWS\System32\WS2_32.dll
0x00007ff9f29b0000 - 0x00007ff9f29c8000 	C:\WINDOWS\SYSTEM32\kernel.appcore.dll
0x00007ff9e8060000 - 0x00007ff9e806a000 	C:\Users\mimiw\.p2\pool\plugins\org.eclipse.justj.openjdk.hotspot.jre.full.win32.x86_64_17.0.6.v20230204-1729\jre\bin\jimage.dll
0x00007ff9f1350000 - 0x00007ff9f157e000 	C:\WINDOWS\SYSTEM32\DBGHELP.DLL
0x00007ff9f4da0000 - 0x00007ff9f5129000 	C:\WINDOWS\System32\combase.dll
0x00007ff9f5500000 - 0x00007ff9f55d7000 	C:\WINDOWS\System32\OLEAUT32.dll
0x00007ff9e5890000 - 0x00007ff9e58c2000 	C:\WINDOWS\SYSTEM32\dbgcore.DLL
0x00007ff9f3a40000 - 0x00007ff9f3abb000 	C:\WINDOWS\System32\bcryptPrimitives.dll
0x00007ff9e26d0000 - 0x00007ff9e26f5000 	C:\Users\mimiw\.p2\pool\plugins\org.eclipse.justj.openjdk.hotspot.jre.full.win32.x86_64_17.0.6.v20230204-1729\jre\bin\java.dll
0x00007ff9e55c0000 - 0x00007ff9e55d8000 	C:\Users\mimiw\.p2\pool\plugins\org.eclipse.justj.openjdk.hotspot.jre.full.win32.x86_64_17.0.6.v20230204-1729\jre\bin\zip.dll
0x00007ff9f5a40000 - 0x00007ff9f6230000 	C:\WINDOWS\System32\SHELL32.dll
0x00007ff9f1880000 - 0x00007ff9f214e000 	C:\WINDOWS\SYSTEM32\windows.storage.dll
0x00007ff9f1740000 - 0x00007ff9f187e000 	C:\WINDOWS\SYSTEM32\wintypes.dll
0x00007ff9f5400000 - 0x00007ff9f54f1000 	C:\WINDOWS\System32\SHCORE.dll
0x00007ff9f5130000 - 0x00007ff9f518e000 	C:\WINDOWS\System32\shlwapi.dll
0x00007ff9f37e0000 - 0x00007ff9f3801000 	C:\WINDOWS\SYSTEM32\profapi.dll
0x00007ff9e26b0000 - 0x00007ff9e26c9000 	C:\Users\mimiw\.p2\pool\plugins\org.eclipse.justj.openjdk.hotspot.jre.full.win32.x86_64_17.0.6.v20230204-1729\jre\bin\net.dll
0x00007ff9eb770000 - 0x00007ff9eb89f000 	C:\WINDOWS\SYSTEM32\WINHTTP.dll
0x00007ff9f2e10000 - 0x00007ff9f2e79000 	C:\WINDOWS\system32\mswsock.dll
0x00007ff9e2690000 - 0x00007ff9e26a5000 	C:\Users\mimiw\.p2\pool\plugins\org.eclipse.justj.openjdk.hotspot.jre.full.win32.x86_64_17.0.6.v20230204-1729\jre\bin\nio.dll
0x00007ff9ace90000 - 0x00007ff9ad01e000 	C:\Users\mimiw\.p2\pool\plugins\org.eclipse.justj.openjdk.hotspot.jre.full.win32.x86_64_17.0.6.v20230204-1729\jre\bin\awt.dll
0x00007ff9f0780000 - 0x00007ff9f0817000 	C:\WINDOWS\SYSTEM32\apphelp.dll
0x00007ff9f0b00000 - 0x00007ff9f0b2b000 	C:\WINDOWS\system32\DWMAPI.DLL
0x00007ff9f0870000 - 0x00007ff9f091b000 	C:\WINDOWS\system32\uxtheme.dll
0x00007ff990f00000 - 0x00007ff991000000 	C:\WINDOWS\system32\opengl32.dll
0x00007ff990ea0000 - 0x00007ff990ecd000 	C:\WINDOWS\SYSTEM32\GLU32.dll
0x00007ff9f0d30000 - 0x00007ff9f0d66000 	C:\WINDOWS\SYSTEM32\dxcore.dll
0x00007ff96c240000 - 0x00007ff96c379000 	C:\ProgramData\A-Volute\A-Volute.Nahimic\Modules\Scheduled\x64\AudioDevProps2.dll
0x00007ff9f55e0000 - 0x00007ff9f577c000 	C:\WINDOWS\System32\ole32.dll
0x00007ff9f4650000 - 0x00007ff9f476e000 	C:\WINDOWS\System32\MSCTF.dll
0x00007ff9e4870000 - 0x00007ff9e4a19000 	C:\WINDOWS\system32\d3d9.dll
0x00007ff9ea490000 - 0x00007ff9ea64b000 	C:\WINDOWS\System32\DriverStore\FileRepository\u0383722.inf_amd64_5cbaacf42cbd3812\B383240\aticfx64.dll
0x00007ff951c40000 - 0x00007ff951c74000 	C:\WINDOWS\System32\DriverStore\FileRepository\u0383722.inf_amd64_5cbaacf42cbd3812\B383240\atiu9p64.dll
0x00007ff950890000 - 0x00007ff9515e5000 	C:\WINDOWS\System32\DriverStore\FileRepository\u0383722.inf_amd64_5cbaacf42cbd3812\B383240\atiumd64.dll
0x0000000065450000 - 0x0000000066377000 	C:\WINDOWS\System32\DriverStore\FileRepository\u0383722.inf_amd64_5cbaacf42cbd3812\B383240\atiumd6a.dll
0x00007ff9f2780000 - 0x00007ff9f27cd000 	C:\WINDOWS\SYSTEM32\POWRPROF.dll
0x0000013af4a40000 - 0x0000013af4eb4000 	C:\WINDOWS\System32\SETUPAPI.dll
0x00007ff9f2760000 - 0x00007ff9f2773000 	C:\WINDOWS\SYSTEM32\UMPDC.dll
0x00007ff9e7a20000 - 0x00007ff9e7a55000 	C:\WINDOWS\SYSTEM32\amdihk64.dll
0x00007ff9ee810000 - 0x00007ff9ee859000 	C:\WINDOWS\SYSTEM32\directxdatabasehelper.dll
0x00007ff9cab30000 - 0x00007ff9cabb6000 	C:\Users\mimiw\.p2\pool\plugins\org.eclipse.justj.openjdk.hotspot.jre.full.win32.x86_64_17.0.6.v20230204-1729\jre\bin\freetype.dll
0x00007ff9ca940000 - 0x00007ff9caa05000 	C:\Users\mimiw\.p2\pool\plugins\org.eclipse.justj.openjdk.hotspot.jre.full.win32.x86_64_17.0.6.v20230204-1729\jre\bin\fontmanager.dll
0x00007ff9cee50000 - 0x00007ff9cef7e000 	C:\WINDOWS\SYSTEM32\textinputframework.dll
0x00007ff9eff60000 - 0x00007ff9f0093000 	C:\WINDOWS\SYSTEM32\CoreMessaging.dll
0x00007ff9eda90000 - 0x00007ff9eddfc000 	C:\WINDOWS\SYSTEM32\CoreUIComponents.dll
0x00007ff9f3010000 - 0x00007ff9f301c000 	C:\WINDOWS\SYSTEM32\CRYPTBASE.DLL
0x00007ff9f5990000 - 0x00007ff9f5a40000 	C:\WINDOWS\System32\clbcatq.dll
0x00007ff9eec20000 - 0x00007ff9eedd0000 	C:\WINDOWS\SYSTEM32\WindowsCodecs.dll
0x00007ff9c4b60000 - 0x00007ff9c4bbe000 	C:\WINDOWS\system32\dataexchange.dll
0x00007ff9eae80000 - 0x00007ff9eb0ea000 	C:\WINDOWS\system32\twinapi.appcore.dll

dbghelp: loaded successfully - version: 4.0.5 - missing functions: none
symbol engine: initialized successfully - sym options: 0x614 - pdb path: .;C:\Users\mimiw\.p2\pool\plugins\org.eclipse.justj.openjdk.hotspot.jre.full.win32.x86_64_17.0.6.v20230204-1729\jre\bin;C:\WINDOWS\SYSTEM32;C:\WINDOWS\WinSxS\amd64_microsoft.windows.common-controls_6595b64144ccf1df_6.0.22621.608_none_a9444ca7c10bb01d;C:\Users\mimiw\.p2\pool\plugins\org.eclipse.justj.openjdk.hotspot.jre.full.win32.x86_64_17.0.6.v20230204-1729\jre\bin\server;C:\ProgramData\A-Volute\A-Volute.Nahimic\Modules\Scheduled\x64;C:\WINDOWS\System32\DriverStore\FileRepository\u0383722.inf_amd64_5cbaacf42cbd3812\B383240

VM Arguments:
jvm_args: -Dfile.encoding=UTF-8 -XX:+ShowCodeDetailsInExceptionMessages 
java_command: Main
java_class_path (initial): C:\Users\mimiw\GitHub\Road-Intersection\CW1\bin;C:\Users\mimiw\.p2\pool\plugins\junit-jupiter-api_5.9.1.jar;C:\Users\mimiw\.p2\pool\plugins\junit-jupiter-engine_5.9.1.jar;C:\Users\mimiw\.p2\pool\plugins\junit-jupiter-migrationsupport_5.9.1.jar;C:\Users\mimiw\.p2\pool\plugins\junit-jupiter-params_5.9.1.jar;C:\Users\mimiw\.p2\pool\plugins\junit-platform-commons_1.9.1.jar;C:\Users\mimiw\.p2\pool\plugins\junit-platform-engine_1.9.1.jar;C:\Users\mimiw\.p2\pool\plugins\junit-platform-launcher_1.9.1.jar;C:\Users\mimiw\.p2\pool\plugins\junit-platform-runner_1.9.1.jar;C:\Users\mimiw\.p2\pool\plugins\junit-platform-suite-api_1.9.1.jar;C:\Users\mimiw\.p2\pool\plugins\junit-platform-suite-engine_1.9.1.jar;C:\Users\mimiw\.p2\pool\plugins\junit-platform-suite-commons_1.9.1.jar;C:\Users\mimiw\.p2\pool\plugins\junit-vintage-engine_5.9.1.jar;C:\Users\mimiw\.p2\pool\plugins\org.opentest4j_1.2.0.jar;C:\Users\mimiw\.p2\pool\plugins\org.apiguardian.api_1.1.2.jar;C:\Users\mimiw\.p2\pool\plugins\org.junit_4.13.2.v20211018-1956.jar;C:\Users\mimiw\.p2\pool\plugins\org.hamcrest.core_1.3.0.v20180420-1519.jar
Launcher Type: SUN_STANDARD

[Global flags]
     intx CICompilerCount                          = 4                                         {product} {ergonomic}
     uint ConcGCThreads                            = 3                                         {product} {ergonomic}
     uint G1ConcRefinementThreads                  = 10                                        {product} {ergonomic}
   size_t G1HeapRegionSize                         = 1048576                                   {product} {ergonomic}
    uintx GCDrainStackTargetSize                   = 64                                        {product} {ergonomic}
   size_t InitialHeapSize                          = 98566144                                  {product} {ergonomic}
   size_t MarkStackSize                            = 4194304                                   {product} {ergonomic}
   size_t MaxHeapSize                              = 1572864000                                {product} {ergonomic}
   size_t MaxNewSize                               = 943718400                                 {product} {ergonomic}
   size_t MinHeapDeltaBytes                        = 1048576                                   {product} {ergonomic}
   size_t MinHeapSize                              = 8388608                                   {product} {ergonomic}
    uintx NonNMethodCodeHeapSize                   = 5839372                                {pd product} {ergonomic}
    uintx NonProfiledCodeHeapSize                  = 122909434                              {pd product} {ergonomic}
    uintx ProfiledCodeHeapSize                     = 122909434                              {pd product} {ergonomic}
    uintx ReservedCodeCacheSize                    = 251658240                              {pd product} {ergonomic}
     bool SegmentedCodeCache                       = true                                      {product} {ergonomic}
     bool ShowCodeDetailsInExceptionMessages       = true                                   {manageable} {command line}
   size_t SoftMaxHeapSize                          = 1572864000                             {manageable} {ergonomic}
     bool UseCompressedClassPointers               = true                           {product lp64_product} {ergonomic}
     bool UseCompressedOops                        = true                           {product lp64_product} {ergonomic}
     bool UseG1GC                                  = true                                      {product} {ergonomic}
     bool UseLargePagesIndividualAllocation        = false                                  {pd product} {ergonomic}

Logging:
Log output configuration:
 #0: stdout all=warning uptime,level,tags
 #1: stderr all=off uptime,level,tags

Environment Variables:
PATH=C:/Users/mimiw/.p2/pool/plugins/org.eclipse.justj.openjdk.hotspot.jre.full.win32.x86_64_17.0.6.v20230204-1729/jre/bin/server;C:/Users/mimiw/.p2/pool/plugins/org.eclipse.justj.openjdk.hotspot.jre.full.win32.x86_64_17.0.6.v20230204-1729/jre/bin;C:\Program Files\Common Files\Oracle\Java\javapath;C:\Windows\system32;C:\Windows;C:\Windows\System32\Wbem;C:\Windows\System32\WindowsPowerShell\v1.0\;C:\Windows\System32\OpenSSH\;C:\Program Files (x86)\NVIDIA Corporation\PhysX\Common;C:\WINDOWS\system32;C:\WINDOWS;C:\WINDOWS\System32\Wbem;C:\WINDOWS\System32\WindowsPowerShell\v1.0\;C:\WINDOWS\System32\OpenSSH\;C:\Program Files\NVIDIA Corporation\NVIDIA NvDLISR;C:\Program Files\Docker\Docker\resources\bin;C:\Users\mimiw\AppData\Local\Microsoft\WindowsApps;C:\Users\mimiw\AppData\Local\Programs\Microsoft VS Code\bin;C:\ProgramData\mimiw\GitHubDesktop\bin;C:\Users\mimiw\AppData\Local\GitHubDesktop\bin;C:\Program Files\MongoDB\Server\6.0\bin;C:\Program Files\MongoDB\Tools\100\bin;;C:\WINDOWS\system32;
USERNAME=mimiw
OS=Windows_NT
PROCESSOR_IDENTIFIER=AMD64 Family 25 Model 80 Stepping 0, AuthenticAMD
TMP=C:\Users\mimiw\AppData\Local\Temp
TEMP=C:\Users\mimiw\AppData\Local\Temp



---------------  S Y S T E M  ---------------

OS:
 Windows 11 , 64 bit Build 22621 (10.0.22621.1344)
OS uptime: 0 days 10:31 hours
Hyper-V role detected

CPU: total 12 (initial active 12) (12 cores per cpu, 2 threads per core) family 25 model 80 stepping 0 microcode 0x0, cx8, cmov, fxsr, ht, mmx, 3dnowpref, sse, sse2, sse3, ssse3, sse4a, sse4.1, sse4.2, popcnt, lzcnt, tsc, tscinvbit, avx, avx2, aes, erms, clmul, bmi1, bmi2, adx, sha, fma, vzeroupper, clflush, clflushopt, hv

Memory: 4k page, system-wide physical 5996M (56M free)
TotalPageFile size 24428M (AvailPageFile size 1M)
current process WorkingSet (physical memory assigned to process): 36M, peak: 155M
current process commit charge ("private bytes"): 282M, peak: 331M

vm_info: OpenJDK 64-Bit Server VM (17.0.6+10) for windows-amd64 JRE (17.0.6+10), built on Jan 18 2023 10:08:59 by "temurin" with MS VC++ 16.7 (VS2019)

END.
