#
# There is insufficient memory for the Java Runtime Environment to continue.
# Native memory allocation (malloc) failed to allocate 32744 bytes for ChunkPool::allocate
# Possible reasons:
#   The system is out of physical RAM or swap space
#   The process is running with CompressedOops enabled, and the Java Heap may be blocking the growth of the native heap
# Possible solutions:
#   Reduce memory load on the system
#   Increase physical memory or swap space
#   Check if swap backing store is full
#   Decrease Java heap size (-Xmx/-Xms)
#   Decrease number of Java threads
#   Decrease Java thread stack sizes (-Xss)
#   Set larger code cache with -XX:ReservedCodeCacheSize=
#   JVM is running with Unscaled Compressed Oops mode in which the Java heap is
#     placed in the first 4GB address space. The Java Heap base address is the
#     maximum limit for the native heap growth. Please use -XX:HeapBaseMinAddress
#     to set the Java Heap base and to place the Java Heap above 4GB virtual address.
# This output file may be truncated or incomplete.
#
#  Out of Memory Error (arena.cpp:78), pid=13772, tid=11392
#
# JRE version: OpenJDK Runtime Environment Temurin-17.0.6+10 (17.0.6+10) (build 17.0.6+10)
# Java VM: OpenJDK 64-Bit Server VM Temurin-17.0.6+10 (17.0.6+10, mixed mode, tiered, compressed oops, compressed class ptrs, g1 gc, windows-amd64)
# No core dump will be written. Minidumps are not enabled by default on client versions of Windows
#

---------------  S U M M A R Y ------------

Command Line: -Dfile.encoding=UTF-8 -XX:+ShowCodeDetailsInExceptionMessages Main

Host: AMD Ryzen 5 5600H with Radeon Graphics         , 12 cores, 5G,  Windows 11 , 64 bit Build 22621 (10.0.22621.1344)
Time: Sun Mar 26 20:03:11 2023 GMT Daylight Time elapsed time: 17328.818522 seconds (0d 4h 48m 48s)

---------------  T H R E A D  ---------------

Current thread (0x000002bb1cd1ea00):  JavaThread "C2 CompilerThread0" daemon [_thread_in_native, id=11392, stack(0x000000d9fc600000,0x000000d9fc700000)]


Current CompileTask:
C2:17328819 2696   !   4       sun.awt.PostEventQueue::flush (168 bytes)

Stack: [0x000000d9fc600000,0x000000d9fc700000]
Native frames: (J=compiled Java code, j=interpreted, Vv=VM code, C=native code)
V  [jvm.dll+0x67741a]
V  [jvm.dll+0x834434]
V  [jvm.dll+0x835bde]
V  [jvm.dll+0x836243]
V  [jvm.dll+0x2457b5]
V  [jvm.dll+0xabd1c]
V  [jvm.dll+0xac0cc]
V  [jvm.dll+0x69d89f]
V  [jvm.dll+0x5924dc]
V  [jvm.dll+0x591924]
V  [jvm.dll+0x57e633]
V  [jvm.dll+0x220812]
V  [jvm.dll+0x219fd9]
V  [jvm.dll+0x21790b]
V  [jvm.dll+0x1a3d0d]
V  [jvm.dll+0x22742a]
V  [jvm.dll+0x225565]
V  [jvm.dll+0x7ea2cb]
V  [jvm.dll+0x7e483a]
V  [jvm.dll+0x6762c5]
C  [ucrtbase.dll+0x29363]
C  [KERNEL32.DLL+0x126bd]
C  [ntdll.dll+0x5a9f8]


---------------  P R O C E S S  ---------------

Threads class SMR info:
_java_thread_list=0x000002bb1d5f7390, length=18, elements={
0x000002bb1c2c1870, 0x000002bb1c2d3900, 0x000002bb1cd180e0, 0x000002bb1cd1a9b0,
0x000002bb1cd1b360, 0x000002bb1cd1bd10, 0x000002bb1cd1ea00, 0x000002bb1cd206a0,
0x000002bb1c30cfd0, 0x000002bb1ceba420, 0x000002bb1cec2920, 0x000002bb1d282010,
0x000002bb1d284fa0, 0x000002bb1d287f30, 0x000002bb1d530b60, 0x000002bb1d724b70,
0x000002bb1d726380, 0x000002bb1d7246a0
}

Java Threads: ( => current thread )
  0x000002bb1c2c1870 JavaThread "Reference Handler" daemon [_thread_blocked, id=6388, stack(0x000000d9fc000000,0x000000d9fc100000)]
  0x000002bb1c2d3900 JavaThread "Finalizer" daemon [_thread_blocked, id=12132, stack(0x000000d9fc100000,0x000000d9fc200000)]
  0x000002bb1cd180e0 JavaThread "Signal Dispatcher" daemon [_thread_blocked, id=380, stack(0x000000d9fc200000,0x000000d9fc300000)]
  0x000002bb1cd1a9b0 JavaThread "Attach Listener" daemon [_thread_blocked, id=9028, stack(0x000000d9fc300000,0x000000d9fc400000)]
  0x000002bb1cd1b360 JavaThread "Service Thread" daemon [_thread_blocked, id=1944, stack(0x000000d9fc400000,0x000000d9fc500000)]
  0x000002bb1cd1bd10 JavaThread "Monitor Deflation Thread" daemon [_thread_blocked, id=16724, stack(0x000000d9fc500000,0x000000d9fc600000)]
=>0x000002bb1cd1ea00 JavaThread "C2 CompilerThread0" daemon [_thread_in_native, id=11392, stack(0x000000d9fc600000,0x000000d9fc700000)]
  0x000002bb1cd206a0 JavaThread "C1 CompilerThread0" daemon [_thread_blocked, id=1736, stack(0x000000d9fc700000,0x000000d9fc800000)]
  0x000002bb1c30cfd0 JavaThread "Sweeper thread" daemon [_thread_blocked, id=23700, stack(0x000000d9fc800000,0x000000d9fc900000)]
  0x000002bb1ceba420 JavaThread "Notification Thread" daemon [_thread_blocked, id=5132, stack(0x000000d9fc900000,0x000000d9fca00000)]
  0x000002bb1cec2920 JavaThread "Common-Cleaner" daemon [_thread_blocked, id=25496, stack(0x000000d9fcb00000,0x000000d9fcc00000)]
  0x000002bb1d282010 JavaThread "Java2D Disposer" daemon [_thread_blocked, id=16992, stack(0x000000d9fcc00000,0x000000d9fcd00000)]
  0x000002bb1d284fa0 JavaThread "AWT-Shutdown" [_thread_blocked, id=9024, stack(0x000000d9fcd00000,0x000000d9fce00000)]
  0x000002bb1d287f30 JavaThread "AWT-Windows" daemon [_thread_in_native, id=24780, stack(0x000000d9fce00000,0x000000d9fcf00000)]
  0x000002bb1d530b60 JavaThread "AWT-EventQueue-0" [_thread_blocked, id=23372, stack(0x000000d9fda00000,0x000000d9fdb00000)]
  0x000002bb1d724b70 JavaThread "D3D Screen Updater" daemon [_thread_blocked, id=10520, stack(0x000000d9fdd00000,0x000000d9fde00000)]
  0x000002bb1d726380 JavaThread "DestroyJavaVM" [_thread_blocked, id=19932, stack(0x000000d9fb900000,0x000000d9fba00000)]
  0x000002bb1d7246a0 JavaThread "TimerQueue" daemon [_thread_blocked, id=14272, stack(0x000000d9feb00000,0x000000d9fec00000)]

Other Threads:
  0x000002bb1c2bbd20 VMThread "VM Thread" [stack: 0x000000d9fbf00000,0x000000d9fc000000] [id=9428]
  0x000002bb1cddc7c0 WatcherThread [stack: 0x000000d9fca00000,0x000000d9fcb00000] [id=9728]
  0x000002bb032e6cd0 GCTaskThread "GC Thread#0" [stack: 0x000000d9fba00000,0x000000d9fbb00000] [id=2692]
  0x000002bb24af3060 GCTaskThread "GC Thread#1" [stack: 0x000000d9fdc00000,0x000000d9fdd00000] [id=21304]
  0x000002bb2508cf20 GCTaskThread "GC Thread#2" [stack: 0x000000d9fe000000,0x000000d9fe100000] [id=22956]
  0x000002bb24b95e90 GCTaskThread "GC Thread#3" [stack: 0x000000d9fe100000,0x000000d9fe200000] [id=7456]
  0x000002bb248e9810 GCTaskThread "GC Thread#4" [stack: 0x000000d9fe200000,0x000000d9fe300000] [id=12412]
  0x000002bb248e9ac0 GCTaskThread "GC Thread#5" [stack: 0x000000d9fe300000,0x000000d9fe400000] [id=6272]
  0x000002bb24ad13d0 GCTaskThread "GC Thread#6" [stack: 0x000000d9fe400000,0x000000d9fe500000] [id=18676]
  0x000002bb2460e160 GCTaskThread "GC Thread#7" [stack: 0x000000d9fe500000,0x000000d9fe600000] [id=25192]
  0x000002bb2460e410 GCTaskThread "GC Thread#8" [stack: 0x000000d9fe600000,0x000000d9fe700000] [id=8732]
  0x000002bb2460eac0 GCTaskThread "GC Thread#9" [stack: 0x000000d9fe700000,0x000000d9fe800000] [id=13220]
  0x000002bb032f4090 ConcurrentGCThread "G1 Main Marker" [stack: 0x000000d9fbb00000,0x000000d9fbc00000] [id=10676]
  0x000002bb032f4aa0 ConcurrentGCThread "G1 Conc#0" [stack: 0x000000d9fbc00000,0x000000d9fbd00000] [id=1288]
  0x000002bb03354df0 ConcurrentGCThread "G1 Refine#0" [stack: 0x000000d9fbd00000,0x000000d9fbe00000] [id=7132]
  0x000002bb2460fda0 ConcurrentGCThread "G1 Refine#1" [stack: 0x000000d9fe800000,0x000000d9fe900000] [id=7764]
  0x000002bb248ea180 ConcurrentGCThread "G1 Refine#2" [stack: 0x000000d9fe900000,0x000000d9fea00000] [id=3944]
  0x000002bb24b1df90 ConcurrentGCThread "G1 Refine#3" [stack: 0x000000d9fea00000,0x000000d9feb00000] [id=13776]
  0x000002bb03355810 ConcurrentGCThread "G1 Service" [stack: 0x000000d9fbe00000,0x000000d9fbf00000] [id=7136]

Threads with active compile tasks:
C2 CompilerThread0  17328937 2696   !   4       sun.awt.PostEventQueue::flush (168 bytes)

VM state: not at safepoint (normal execution)

VM Mutex/Monitor currently owned by a thread: None

Heap address: 0x00000000a2400000, size: 1500 MB, Compressed Oops mode: 32-bit

CDS archive(s) not mapped
Compressed class space mapped at: 0x0000000100000000-0x0000000140000000, reserved size: 1073741824
Narrow klass base: 0x0000000000000000, Narrow klass shift: 3, Narrow klass range: 0x140000000

GC Precious Log:
 CPUs: 12 total, 12 available
 Memory: 5996M
 Large Page Support: Disabled
 NUMA Support: Disabled
 Compressed Oops: Enabled (32-bit)
 Heap Region Size: 1M
 Heap Min Capacity: 8M
 Heap Initial Capacity: 94M
 Heap Max Capacity: 1500M
 Pre-touch: Disabled
 Parallel Workers: 10
 Concurrent Workers: 3
 Concurrent Refinement Workers: 10
 Periodic GC: Disabled

Heap:
 garbage-first heap   total 96256K, used 24098K [0x00000000a2400000, 0x0000000100000000)
  region size 1024K, 15 young (15360K), 3 survivors (3072K)
 Metaspace       used 19036K, committed 19200K, reserved 1073152K
  class space    used 1926K, committed 2048K, reserved 1048576K

Heap Regions: E=young(eden), S=young(survivor), O=old, HS=humongous(starts), HC=humongous(continues), CS=collection set, F=free, OA=open archive, CA=closed archive, TAMS=top-at-mark-start (previous, next)
|   0|0x00000000a2400000, 0x00000000a2500000, 0x00000000a2500000|100%| O|  |TAMS 0x00000000a2400000, 0x00000000a2400000| Untracked 
|   1|0x00000000a2500000, 0x00000000a2588a00, 0x00000000a2600000| 53%| O|  |TAMS 0x00000000a2500000, 0x00000000a2500000| Untracked 
|   2|0x00000000a2600000, 0x00000000a2700000, 0x00000000a2700000|100%|HS|  |TAMS 0x00000000a2600000, 0x00000000a2600000| Complete 
|   3|0x00000000a2700000, 0x00000000a2800000, 0x00000000a2800000|100%|HC|  |TAMS 0x00000000a2700000, 0x00000000a2700000| Complete 
|   4|0x00000000a2800000, 0x00000000a2900000, 0x00000000a2900000|100%|HC|  |TAMS 0x00000000a2800000, 0x00000000a2800000| Complete 
|   5|0x00000000a2900000, 0x00000000a2a00000, 0x00000000a2a00000|100%|HC|  |TAMS 0x00000000a2900000, 0x00000000a2900000| Complete 
|   6|0x00000000a2a00000, 0x00000000a2b00000, 0x00000000a2b00000|100%|HC|  |TAMS 0x00000000a2a00000, 0x00000000a2a00000| Complete 
|   7|0x00000000a2b00000, 0x00000000a2c00000, 0x00000000a2c00000|100%|HC|  |TAMS 0x00000000a2b00000, 0x00000000a2b00000| Complete 
|   8|0x00000000a2c00000, 0x00000000a2d00000, 0x00000000a2d00000|100%|HC|  |TAMS 0x00000000a2c00000, 0x00000000a2c00000| Complete 
|   9|0x00000000a2d00000, 0x00000000a2e00000, 0x00000000a2e00000|100%|HC|  |TAMS 0x00000000a2d00000, 0x00000000a2d00000| Complete 
|  10|0x00000000a2e00000, 0x00000000a2e00000, 0x00000000a2f00000|  0%| F|  |TAMS 0x00000000a2e00000, 0x00000000a2e00000| Untracked 
|  11|0x00000000a2f00000, 0x00000000a2f00000, 0x00000000a3000000|  0%| F|  |TAMS 0x00000000a2f00000, 0x00000000a2f00000| Untracked 
|  12|0x00000000a3000000, 0x00000000a3000000, 0x00000000a3100000|  0%| F|  |TAMS 0x00000000a3000000, 0x00000000a3000000| Untracked 
|  13|0x00000000a3100000, 0x00000000a3100000, 0x00000000a3200000|  0%| F|  |TAMS 0x00000000a3100000, 0x00000000a3100000| Untracked 
|  14|0x00000000a3200000, 0x00000000a3200000, 0x00000000a3300000|  0%| F|  |TAMS 0x00000000a3200000, 0x00000000a3200000| Untracked 
|  15|0x00000000a3300000, 0x00000000a3300000, 0x00000000a3400000|  0%| F|  |TAMS 0x00000000a3300000, 0x00000000a3300000| Untracked 
|  16|0x00000000a3400000, 0x00000000a3400000, 0x00000000a3500000|  0%| F|  |TAMS 0x00000000a3400000, 0x00000000a3400000| Untracked 
|  17|0x00000000a3500000, 0x00000000a3500000, 0x00000000a3600000|  0%| F|  |TAMS 0x00000000a3500000, 0x00000000a3500000| Untracked 
|  18|0x00000000a3600000, 0x00000000a3600000, 0x00000000a3700000|  0%| F|  |TAMS 0x00000000a3600000, 0x00000000a3600000| Untracked 
|  19|0x00000000a3700000, 0x00000000a3700000, 0x00000000a3800000|  0%| F|  |TAMS 0x00000000a3700000, 0x00000000a3700000| Untracked 
|  20|0x00000000a3800000, 0x00000000a3800000, 0x00000000a3900000|  0%| F|  |TAMS 0x00000000a3800000, 0x00000000a3800000| Untracked 
|  21|0x00000000a3900000, 0x00000000a3900000, 0x00000000a3a00000|  0%| F|  |TAMS 0x00000000a3900000, 0x00000000a3900000| Untracked 
|  22|0x00000000a3a00000, 0x00000000a3a00000, 0x00000000a3b00000|  0%| F|  |TAMS 0x00000000a3a00000, 0x00000000a3a00000| Untracked 
|  23|0x00000000a3b00000, 0x00000000a3b00000, 0x00000000a3c00000|  0%| F|  |TAMS 0x00000000a3b00000, 0x00000000a3b00000| Untracked 
|  24|0x00000000a3c00000, 0x00000000a3c00000, 0x00000000a3d00000|  0%| F|  |TAMS 0x00000000a3c00000, 0x00000000a3c00000| Untracked 
|  25|0x00000000a3d00000, 0x00000000a3d00000, 0x00000000a3e00000|  0%| F|  |TAMS 0x00000000a3d00000, 0x00000000a3d00000| Untracked 
|  26|0x00000000a3e00000, 0x00000000a3e00000, 0x00000000a3f00000|  0%| F|  |TAMS 0x00000000a3e00000, 0x00000000a3e00000| Untracked 
|  27|0x00000000a3f00000, 0x00000000a3f00000, 0x00000000a4000000|  0%| F|  |TAMS 0x00000000a3f00000, 0x00000000a3f00000| Untracked 
|  28|0x00000000a4000000, 0x00000000a4000000, 0x00000000a4100000|  0%| F|  |TAMS 0x00000000a4000000, 0x00000000a4000000| Untracked 
|  29|0x00000000a4100000, 0x00000000a4100000, 0x00000000a4200000|  0%| F|  |TAMS 0x00000000a4100000, 0x00000000a4100000| Untracked 
|  30|0x00000000a4200000, 0x00000000a4200000, 0x00000000a4300000|  0%| F|  |TAMS 0x00000000a4200000, 0x00000000a4200000| Untracked 
|  31|0x00000000a4300000, 0x00000000a4300000, 0x00000000a4400000|  0%| F|  |TAMS 0x00000000a4300000, 0x00000000a4300000| Untracked 
|  32|0x00000000a4400000, 0x00000000a4400000, 0x00000000a4500000|  0%| F|  |TAMS 0x00000000a4400000, 0x00000000a4400000| Untracked 
|  33|0x00000000a4500000, 0x00000000a4500000, 0x00000000a4600000|  0%| F|  |TAMS 0x00000000a4500000, 0x00000000a4500000| Untracked 
|  34|0x00000000a4600000, 0x00000000a4600000, 0x00000000a4700000|  0%| F|  |TAMS 0x00000000a4600000, 0x00000000a4600000| Untracked 
|  35|0x00000000a4700000, 0x00000000a4700000, 0x00000000a4800000|  0%| F|  |TAMS 0x00000000a4700000, 0x00000000a4700000| Untracked 
|  36|0x00000000a4800000, 0x00000000a4800000, 0x00000000a4900000|  0%| F|  |TAMS 0x00000000a4800000, 0x00000000a4800000| Untracked 
|  37|0x00000000a4900000, 0x00000000a4900000, 0x00000000a4a00000|  0%| F|  |TAMS 0x00000000a4900000, 0x00000000a4900000| Untracked 
|  38|0x00000000a4a00000, 0x00000000a4a00000, 0x00000000a4b00000|  0%| F|  |TAMS 0x00000000a4a00000, 0x00000000a4a00000| Untracked 
|  39|0x00000000a4b00000, 0x00000000a4b00000, 0x00000000a4c00000|  0%| F|  |TAMS 0x00000000a4b00000, 0x00000000a4b00000| Untracked 
|  40|0x00000000a4c00000, 0x00000000a4c00000, 0x00000000a4d00000|  0%| F|  |TAMS 0x00000000a4c00000, 0x00000000a4c00000| Untracked 
|  41|0x00000000a4d00000, 0x00000000a4d00000, 0x00000000a4e00000|  0%| F|  |TAMS 0x00000000a4d00000, 0x00000000a4d00000| Untracked 
|  42|0x00000000a4e00000, 0x00000000a4e00000, 0x00000000a4f00000|  0%| F|  |TAMS 0x00000000a4e00000, 0x00000000a4e00000| Untracked 
|  43|0x00000000a4f00000, 0x00000000a4f00000, 0x00000000a5000000|  0%| F|  |TAMS 0x00000000a4f00000, 0x00000000a4f00000| Untracked 
|  44|0x00000000a5000000, 0x00000000a5000000, 0x00000000a5100000|  0%| F|  |TAMS 0x00000000a5000000, 0x00000000a5000000| Untracked 
|  45|0x00000000a5100000, 0x00000000a5100000, 0x00000000a5200000|  0%| F|  |TAMS 0x00000000a5100000, 0x00000000a5100000| Untracked 
|  46|0x00000000a5200000, 0x00000000a5200000, 0x00000000a5300000|  0%| F|  |TAMS 0x00000000a5200000, 0x00000000a5200000| Untracked 
|  47|0x00000000a5300000, 0x00000000a5300000, 0x00000000a5400000|  0%| F|  |TAMS 0x00000000a5300000, 0x00000000a5300000| Untracked 
|  48|0x00000000a5400000, 0x00000000a5400000, 0x00000000a5500000|  0%| F|  |TAMS 0x00000000a5400000, 0x00000000a5400000| Untracked 
|  49|0x00000000a5500000, 0x00000000a5500000, 0x00000000a5600000|  0%| F|  |TAMS 0x00000000a5500000, 0x00000000a5500000| Untracked 
|  50|0x00000000a5600000, 0x00000000a5600000, 0x00000000a5700000|  0%| F|  |TAMS 0x00000000a5600000, 0x00000000a5600000| Untracked 
|  51|0x00000000a5700000, 0x00000000a5700000, 0x00000000a5800000|  0%| F|  |TAMS 0x00000000a5700000, 0x00000000a5700000| Untracked 
|  52|0x00000000a5800000, 0x00000000a5800000, 0x00000000a5900000|  0%| F|  |TAMS 0x00000000a5800000, 0x00000000a5800000| Untracked 
|  53|0x00000000a5900000, 0x00000000a5900000, 0x00000000a5a00000|  0%| F|  |TAMS 0x00000000a5900000, 0x00000000a5900000| Untracked 
|  54|0x00000000a5a00000, 0x00000000a5a00000, 0x00000000a5b00000|  0%| F|  |TAMS 0x00000000a5a00000, 0x00000000a5a00000| Untracked 
|  55|0x00000000a5b00000, 0x00000000a5b00000, 0x00000000a5c00000|  0%| F|  |TAMS 0x00000000a5b00000, 0x00000000a5b00000| Untracked 
|  56|0x00000000a5c00000, 0x00000000a5c00000, 0x00000000a5d00000|  0%| F|  |TAMS 0x00000000a5c00000, 0x00000000a5c00000| Untracked 
|  57|0x00000000a5d00000, 0x00000000a5d00000, 0x00000000a5e00000|  0%| F|  |TAMS 0x00000000a5d00000, 0x00000000a5d00000| Untracked 
|  58|0x00000000a5e00000, 0x00000000a5e00000, 0x00000000a5f00000|  0%| F|  |TAMS 0x00000000a5e00000, 0x00000000a5e00000| Untracked 
|  59|0x00000000a5f00000, 0x00000000a5f00000, 0x00000000a6000000|  0%| F|  |TAMS 0x00000000a5f00000, 0x00000000a5f00000| Untracked 
|  60|0x00000000a6000000, 0x00000000a6000000, 0x00000000a6100000|  0%| F|  |TAMS 0x00000000a6000000, 0x00000000a6000000| Untracked 
|  61|0x00000000a6100000, 0x00000000a6100000, 0x00000000a6200000|  0%| F|  |TAMS 0x00000000a6100000, 0x00000000a6100000| Untracked 
|  62|0x00000000a6200000, 0x00000000a6200000, 0x00000000a6300000|  0%| F|  |TAMS 0x00000000a6200000, 0x00000000a6200000| Untracked 
|  63|0x00000000a6300000, 0x00000000a6300000, 0x00000000a6400000|  0%| F|  |TAMS 0x00000000a6300000, 0x00000000a6300000| Untracked 
|  64|0x00000000a6400000, 0x00000000a6400000, 0x00000000a6500000|  0%| F|  |TAMS 0x00000000a6400000, 0x00000000a6400000| Untracked 
|  65|0x00000000a6500000, 0x00000000a6500000, 0x00000000a6600000|  0%| F|  |TAMS 0x00000000a6500000, 0x00000000a6500000| Untracked 
|  66|0x00000000a6600000, 0x00000000a6600000, 0x00000000a6700000|  0%| F|  |TAMS 0x00000000a6600000, 0x00000000a6600000| Untracked 
|  67|0x00000000a6700000, 0x00000000a6700000, 0x00000000a6800000|  0%| F|  |TAMS 0x00000000a6700000, 0x00000000a6700000| Untracked 
|  68|0x00000000a6800000, 0x00000000a6900000, 0x00000000a6900000|100%| S|CS|TAMS 0x00000000a6800000, 0x00000000a6800000| Complete 
|  69|0x00000000a6900000, 0x00000000a6a00000, 0x00000000a6a00000|100%| S|CS|TAMS 0x00000000a6900000, 0x00000000a6900000| Complete 
|  70|0x00000000a6a00000, 0x00000000a6b00000, 0x00000000a6b00000|100%| S|CS|TAMS 0x00000000a6a00000, 0x00000000a6a00000| Complete 
|  71|0x00000000a6b00000, 0x00000000a6b00000, 0x00000000a6c00000|  0%| F|  |TAMS 0x00000000a6b00000, 0x00000000a6b00000| Untracked 
|  72|0x00000000a6c00000, 0x00000000a6c00000, 0x00000000a6d00000|  0%| F|  |TAMS 0x00000000a6c00000, 0x00000000a6c00000| Untracked 
|  73|0x00000000a6d00000, 0x00000000a6d00000, 0x00000000a6e00000|  0%| F|  |TAMS 0x00000000a6d00000, 0x00000000a6d00000| Untracked 
|  74|0x00000000a6e00000, 0x00000000a6e00000, 0x00000000a6f00000|  0%| F|  |TAMS 0x00000000a6e00000, 0x00000000a6e00000| Untracked 
|  75|0x00000000a6f00000, 0x00000000a6f00000, 0x00000000a7000000|  0%| F|  |TAMS 0x00000000a6f00000, 0x00000000a6f00000| Untracked 
|  76|0x00000000a7000000, 0x00000000a7000000, 0x00000000a7100000|  0%| F|  |TAMS 0x00000000a7000000, 0x00000000a7000000| Untracked 
|  77|0x00000000a7100000, 0x00000000a7100000, 0x00000000a7200000|  0%| F|  |TAMS 0x00000000a7100000, 0x00000000a7100000| Untracked 
|  78|0x00000000a7200000, 0x00000000a7200000, 0x00000000a7300000|  0%| F|  |TAMS 0x00000000a7200000, 0x00000000a7200000| Untracked 
|  79|0x00000000a7300000, 0x00000000a7300000, 0x00000000a7400000|  0%| F|  |TAMS 0x00000000a7300000, 0x00000000a7300000| Untracked 
|  80|0x00000000a7400000, 0x00000000a7400000, 0x00000000a7500000|  0%| F|  |TAMS 0x00000000a7400000, 0x00000000a7400000| Untracked 
|  81|0x00000000a7500000, 0x00000000a7500000, 0x00000000a7600000|  0%| F|  |TAMS 0x00000000a7500000, 0x00000000a7500000| Untracked 
|  82|0x00000000a7600000, 0x00000000a7673400, 0x00000000a7700000| 45%| E|  |TAMS 0x00000000a7600000, 0x00000000a7600000| Complete 
|  83|0x00000000a7700000, 0x00000000a7800000, 0x00000000a7800000|100%| E|CS|TAMS 0x00000000a7700000, 0x00000000a7700000| Complete 
|  84|0x00000000a7800000, 0x00000000a7900000, 0x00000000a7900000|100%| E|CS|TAMS 0x00000000a7800000, 0x00000000a7800000| Complete 
|  85|0x00000000a7900000, 0x00000000a7a00000, 0x00000000a7a00000|100%| E|CS|TAMS 0x00000000a7900000, 0x00000000a7900000| Complete 
|  86|0x00000000a7a00000, 0x00000000a7b00000, 0x00000000a7b00000|100%| E|CS|TAMS 0x00000000a7a00000, 0x00000000a7a00000| Complete 
|  87|0x00000000a7b00000, 0x00000000a7c00000, 0x00000000a7c00000|100%| E|CS|TAMS 0x00000000a7b00000, 0x00000000a7b00000| Complete 
|  88|0x00000000a7c00000, 0x00000000a7d00000, 0x00000000a7d00000|100%| E|CS|TAMS 0x00000000a7c00000, 0x00000000a7c00000| Complete 
|  89|0x00000000a7d00000, 0x00000000a7e00000, 0x00000000a7e00000|100%| E|CS|TAMS 0x00000000a7d00000, 0x00000000a7d00000| Complete 
|  90|0x00000000a7e00000, 0x00000000a7f00000, 0x00000000a7f00000|100%| E|CS|TAMS 0x00000000a7e00000, 0x00000000a7e00000| Complete 
|  91|0x00000000a7f00000, 0x00000000a8000000, 0x00000000a8000000|100%| E|CS|TAMS 0x00000000a7f00000, 0x00000000a7f00000| Complete 
|  92|0x00000000a8000000, 0x00000000a8100000, 0x00000000a8100000|100%| E|CS|TAMS 0x00000000a8000000, 0x00000000a8000000| Complete 
|  93|0x00000000a8100000, 0x00000000a8200000, 0x00000000a8200000|100%| E|CS|TAMS 0x00000000a8100000, 0x00000000a8100000| Complete 

Card table byte_map: [0x000002bb16190000,0x000002bb16480000] _byte_map_base: 0x000002bb15c7e000

Marking Bits (Prev, Next): (CMBitMap*) 0x000002bb032e72e0, (CMBitMap*) 0x000002bb032e7320
 Prev Bits: [0x000002bb16770000, 0x000002bb17ee0000)
 Next Bits: [0x000002bb17ee0000, 0x000002bb19650000)

Polling page: 0x000002bb02a60000

Metaspace:

Usage:
  Non-class:     16.71 MB used.
      Class:      1.88 MB used.
       Both:     18.59 MB used.

Virtual space:
  Non-class space:       24.00 MB reserved,      16.75 MB ( 70%) committed,  3 nodes.
      Class space:        1.00 GB reserved,       2.00 MB ( <1%) committed,  1 nodes.
             Both:        1.02 GB reserved,      18.75 MB (  2%) committed. 

Chunk freelists:
   Non-Class:  3.00 MB
       Class:  2.05 MB
        Both:  5.05 MB

MaxMetaspaceSize: unlimited
CompressedClassSpaceSize: 1.00 GB
Initial GC threshold: 21.00 MB
Current GC threshold: 21.00 MB
CDS: off
MetaspaceReclaimPolicy: balanced
 - commit_granule_bytes: 65536.
 - commit_granule_words: 8192.
 - virtual_space_node_default_size: 1048576.
 - enlarge_chunks_in_place: 1.
 - new_chunks_are_fully_committed: 0.
 - uncommit_free_chunks: 1.
 - use_allocation_guard: 0.
 - handle_deallocations: 1.


Internal statistics:

num_allocs_failed_limit: 0.
num_arena_births: 130.
num_arena_deaths: 0.
num_vsnodes_births: 4.
num_vsnodes_deaths: 0.
num_space_committed: 300.
num_space_uncommitted: 0.
num_chunks_returned_to_freelist: 0.
num_chunks_taken_from_freelist: 234.
num_chunk_merges: 0.
num_chunk_splits: 109.
num_chunks_enlarged: 37.
num_purges: 0.
num_inconsistent_stats: 0.

CodeHeap 'non-profiled nmethods': size=120000Kb used=848Kb max_used=848Kb free=119151Kb
 bounds [0x000002bb0e420000, 0x000002bb0e690000, 0x000002bb15950000]
CodeHeap 'profiled nmethods': size=120000Kb used=5314Kb max_used=5314Kb free=114685Kb
 bounds [0x000002bb06950000, 0x000002bb06e90000, 0x000002bb0de80000]
CodeHeap 'non-nmethods': size=5760Kb used=1307Kb max_used=1351Kb free=4452Kb
 bounds [0x000002bb0de80000, 0x000002bb0e0f0000, 0x000002bb0e420000]
 total_blobs=3332 nmethods=2694 adapters=550
 compilation: enabled
              stopped_count=0, restarted_count=0
 full_count=0

Compilation events (20 events):
Event: 17328.422 Thread 0x000002bb1cd1ea00 nmethod 2685 0x000002bb0e4f3010 code [0x000002bb0e4f31a0, 0x000002bb0e4f3398]
Event: 17328.535 Thread 0x000002bb1cd206a0 2686       3       java.awt.Component::updateGraphicsData (34 bytes)
Event: 17328.544 Thread 0x000002bb1cd206a0 nmethod 2686 0x000002bb06e7b710 code [0x000002bb06e7b8e0, 0x000002bb06e7bc08]
Event: 17328.553 Thread 0x000002bb1cd206a0 2687       3       java.awt.Component::updateSelfGraphicsData (38 bytes)
Event: 17328.556 Thread 0x000002bb1cd206a0 nmethod 2687 0x000002bb06e7bd10 code [0x000002bb06e7bf00, 0x000002bb06e7c408]
Event: 17328.565 Thread 0x000002bb1cd206a0 2688       3       java.awt.Container::updateChildGraphicsData (55 bytes)
Event: 17328.571 Thread 0x000002bb1cd206a0 nmethod 2688 0x000002bb06e7c590 code [0x000002bb06e7c7c0, 0x000002bb06e7cf38]
Event: 17328.573 Thread 0x000002bb1cd206a0 2689       1       sun.awt.NullComponentPeer::updateGraphicsData (2 bytes)
Event: 17328.573 Thread 0x000002bb1cd206a0 nmethod 2689 0x000002bb0e4f3590 code [0x000002bb0e4f3720, 0x000002bb0e4f37f8]
Event: 17328.573 Thread 0x000002bb1cd206a0 2690  s    3       sun.java2d.SunGraphicsEnvironment::getScreenDevices (47 bytes)
Event: 17328.578 Thread 0x000002bb1cd206a0 nmethod 2690 0x000002bb06e7d210 code [0x000002bb06e7d420, 0x000002bb06e7dbe8]
Event: 17328.579 Thread 0x000002bb1cd206a0 2692  s    3       sun.awt.Win32GraphicsConfig::getSolidLoops (39 bytes)
Event: 17328.583 Thread 0x000002bb1cd206a0 nmethod 2692 0x000002bb06e7de90 code [0x000002bb06e7e040, 0x000002bb06e7e388]
Event: 17328.585 Thread 0x000002bb1cd206a0 2693       3       sun.awt.windows.WWindowPeer::updateGC (147 bytes)
Event: 17328.586 Thread 0x000002bb1cd1ea00 2696   !   4       sun.awt.PostEventQueue::flush (168 bytes)
Event: 17328.639 Thread 0x000002bb1cd206a0 nmethod 2693 0x000002bb06e7e490 code [0x000002bb06e7e800, 0x000002bb06e7fee8]
Event: 17328.639 Thread 0x000002bb1cd206a0 2695       3       java.awt.Component$1::setGraphicsConfiguration (6 bytes)
Event: 17328.639 Thread 0x000002bb1cd206a0 nmethod 2695 0x000002bb06e80690 code [0x000002bb06e80840, 0x000002bb06e80a08]
Event: 17328.639 Thread 0x000002bb1cd206a0 2697       1       sun.awt.windows.WCanvasPeer::shouldClearRectBeforePaint (5 bytes)
Event: 17328.639 Thread 0x000002bb1cd206a0 nmethod 2697 0x000002bb0e4f4090 code [0x000002bb0e4f4220, 0x000002bb0e4f42f8]

GC Heap History (2 events):
Event: 24.904 GC heap before
{Heap before GC invocations=0 (full 0):
 garbage-first heap   total 96256K, used 23552K [0x00000000a2400000, 0x0000000100000000)
  region size 1024K, 23 young (23552K), 0 survivors (0K)
 Metaspace       used 18623K, committed 18880K, reserved 1073152K
  class space    used 1895K, committed 2048K, reserved 1048576K
}
Event: 24.916 GC heap after
{Heap after GC invocations=1 (full 0):
 garbage-first heap   total 96256K, used 4642K [0x00000000a2400000, 0x0000000100000000)
  region size 1024K, 3 young (3072K), 3 survivors (3072K)
 Metaspace       used 18623K, committed 18880K, reserved 1073152K
  class space    used 1895K, committed 2048K, reserved 1048576K
}

Dll operation events (8 events):
Event: 0.020 Loaded shared library C:\Users\mimiw\.p2\pool\plugins\org.eclipse.justj.openjdk.hotspot.jre.full.win32.x86_64_17.0.6.v20230204-1729\jre\bin\java.dll
Event: 0.307 Loaded shared library C:\Users\mimiw\.p2\pool\plugins\org.eclipse.justj.openjdk.hotspot.jre.full.win32.x86_64_17.0.6.v20230204-1729\jre\bin\jimage.dll
Event: 0.345 Loaded shared library C:\Users\mimiw\.p2\pool\plugins\org.eclipse.justj.openjdk.hotspot.jre.full.win32.x86_64_17.0.6.v20230204-1729\jre\bin\net.dll
Event: 0.355 Loaded shared library C:\Users\mimiw\.p2\pool\plugins\org.eclipse.justj.openjdk.hotspot.jre.full.win32.x86_64_17.0.6.v20230204-1729\jre\bin\nio.dll
Event: 0.377 Loaded shared library C:\Users\mimiw\.p2\pool\plugins\org.eclipse.justj.openjdk.hotspot.jre.full.win32.x86_64_17.0.6.v20230204-1729\jre\bin\zip.dll
Event: 0.689 Loaded shared library C:\Users\mimiw\.p2\pool\plugins\org.eclipse.justj.openjdk.hotspot.jre.full.win32.x86_64_17.0.6.v20230204-1729\jre\bin\awt.dll
Event: 1.831 Loaded shared library C:\Users\mimiw\.p2\pool\plugins\org.eclipse.justj.openjdk.hotspot.jre.full.win32.x86_64_17.0.6.v20230204-1729\jre\bin\freetype.dll
Event: 1.970 Loaded shared library C:\Users\mimiw\.p2\pool\plugins\org.eclipse.justj.openjdk.hotspot.jre.full.win32.x86_64_17.0.6.v20230204-1729\jre\bin\fontmanager.dll

Deoptimization events (20 events):
Event: 5842.998 Thread 0x000002bb1d724b70 DEOPT PACKING pc=0x000002bb06e7455b sp=0x000000d9fddff160
Event: 5842.999 Thread 0x000002bb1d724b70 DEOPT UNPACKING pc=0x000002bb0ded7143 sp=0x000000d9fddfe6f0 mode 0
Event: 6289.595 Thread 0x000002bb1d724b70 DEOPT PACKING pc=0x000002bb06e70977 sp=0x000000d9fddff150
Event: 6289.595 Thread 0x000002bb1d724b70 DEOPT UNPACKING pc=0x000002bb0ded7143 sp=0x000000d9fddfe6f0 mode 0
Event: 17328.283 Thread 0x000002bb1d530b60 Uncommon trap: trap_request=0xffffff45 fr.pc=0x000002bb0e4b1c08 relative=0x00000000000000e8
Event: 17328.284 Thread 0x000002bb1d530b60 Uncommon trap: reason=unstable_if action=reinterpret pc=0x000002bb0e4b1c08 method=java.awt.Component.updateSelfGraphicsData(Ljava/awt/GraphicsConfiguration;)Z @ 25 c2
Event: 17328.287 Thread 0x000002bb1d530b60 DEOPT PACKING pc=0x000002bb0e4b1c08 sp=0x000000d9fdafee10
Event: 17328.291 Thread 0x000002bb1d530b60 DEOPT UNPACKING pc=0x000002bb0ded69a3 sp=0x000000d9fdafed60 mode 2
Event: 17328.428 Thread 0x000002bb1d530b60 Uncommon trap: trap_request=0xffffff45 fr.pc=0x000002bb0e4bf888 relative=0x00000000000001c8
Event: 17328.428 Thread 0x000002bb1d530b60 Uncommon trap: reason=unstable_if action=reinterpret pc=0x000002bb0e4bf888 method=java.awt.Component.updateSelfGraphicsData(Ljava/awt/GraphicsConfiguration;)Z @ 25 c2
Event: 17328.434 Thread 0x000002bb1d530b60 DEOPT PACKING pc=0x000002bb0e4bf888 sp=0x000000d9fdafed50
Event: 17328.434 Thread 0x000002bb1d530b60 DEOPT UNPACKING pc=0x000002bb0ded69a3 sp=0x000000d9fdafec48 mode 2
Event: 17328.448 Thread 0x000002bb1d530b60 Uncommon trap: trap_request=0xffffff45 fr.pc=0x000002bb0e4b2150 relative=0x00000000000000b0
Event: 17328.448 Thread 0x000002bb1d530b60 Uncommon trap: reason=unstable_if action=reinterpret pc=0x000002bb0e4b2150 method=java.awt.Component.updateSelfGraphicsData(Ljava/awt/GraphicsConfiguration;)Z @ 25 c2
Event: 17328.448 Thread 0x000002bb1d530b60 DEOPT PACKING pc=0x000002bb0e4b2150 sp=0x000000d9fdafeb80
Event: 17328.453 Thread 0x000002bb1d530b60 DEOPT UNPACKING pc=0x000002bb0ded69a3 sp=0x000000d9fdafeb38 mode 2
Event: 17328.487 Thread 0x000002bb1d724b70 Uncommon trap: trap_request=0xffffffcc fr.pc=0x000002bb0e4f02ac relative=0x0000000000000b2c
Event: 17328.488 Thread 0x000002bb1d724b70 Uncommon trap: reason=intrinsic_or_type_checked_inlining action=make_not_entrant pc=0x000002bb0e4f02ac method=java.util.ArrayList.toArray([Ljava/lang/Object;)[Ljava/lang/Object; @ 36 c2
Event: 17328.488 Thread 0x000002bb1d724b70 DEOPT PACKING pc=0x000002bb0e4f02ac sp=0x000000d9fddff250
Event: 17328.494 Thread 0x000002bb1d724b70 DEOPT UNPACKING pc=0x000002bb0ded69a3 sp=0x000000d9fddff160 mode 2

Classes unloaded (0 events):
No events

Classes redefined (0 events):
No events

Internal exceptions (16 events):
Event: 0.512 Thread 0x000002bb032993a0 Exception <a 'java/lang/ClassNotFoundException'{0x00000000a80d0490}: sun/awt/resources/spi/awtProvider> (0x00000000a80d0490) 
thrown [s\src\hotspot\share\classfile\systemDictionary.cpp, line 256]
Event: 0.718 Thread 0x000002bb032993a0 Exception <a 'java/io/FileNotFoundException'{0x00000000a7f2ae30}> (0x00000000a7f2ae30) 
thrown [s\src\hotspot\share\prims\jni.cpp, line 516]
Event: 0.753 Thread 0x000002bb032993a0 Exception <a 'java/io/FileNotFoundException'{0x00000000a7f57d78}> (0x00000000a7f57d78) 
thrown [s\src\hotspot\share\prims\jni.cpp, line 516]
Event: 0.927 Thread 0x000002bb032993a0 Exception <a 'java/lang/NoSuchMethodError'{0x00000000a7fa9eb0}: 'java.lang.Object java.lang.invoke.DirectMethodHandle$Holder.invokeStaticInit(java.lang.Object)'> (0x00000000a7fa9eb0) 
thrown [s\src\hotspot\share\interpreter\linkResolver.cpp, line 759]
Event: 1.568 Thread 0x000002bb032993a0 Exception <a 'java/lang/NoSuchMethodError'{0x00000000a7e08d30}: 'void java.lang.invoke.DirectMethodHandle$Holder.invokeSpecial(java.lang.Object, java.lang.Object, java.lang.Object)'> (0x00000000a7e08d30) 
thrown [s\src\hotspot\share\interpreter\linkResolver.cpp, line 759]
Event: 1.599 Thread 0x000002bb032993a0 Exception <a 'java/lang/NoSuchMethodError'{0x00000000a7e32f70}: 'java.lang.Object java.lang.invoke.DirectMethodHandle$Holder.newInvokeSpecial(java.lang.Object, java.lang.Object, java.lang.Object, java.lang.Object, java.lang.Object)'> (0x00000000a7e32f70) 
thrown [s\src\hotspot\share\interpreter\linkResolver.cpp, line 759]
Event: 1.602 Thread 0x000002bb032993a0 Exception <a 'java/lang/NoSuchMethodError'{0x00000000a7e3e938}: 'java.lang.Object java.lang.invoke.DirectMethodHandle$Holder.invokeStatic(java.lang.Object, int, java.lang.Object, java.lang.Object, java.lang.Object, java.lang.Object)'> (0x00000000a7e3e938) 
thrown [s\src\hotspot\share\interpreter\linkResolver.cpp, line 759]
Event: 1.614 Thread 0x000002bb032993a0 Exception <a 'java/lang/NoSuchMethodError'{0x00000000a7e640f8}: 'java.lang.Object java.lang.invoke.DirectMethodHandle$Holder.invokeStatic(java.lang.Object, int, java.lang.Object)'> (0x00000000a7e640f8) 
thrown [s\src\hotspot\share\interpreter\linkResolver.cpp, line 759]
Event: 1.672 Thread 0x000002bb032993a0 Exception <a 'java/lang/ClassNotFoundException'{0x00000000a7d1c2c8}: com/sun/swing/internal/plaf/metal/resources/spi/metalProvider> (0x00000000a7d1c2c8) 
thrown [s\src\hotspot\share\classfile\systemDictionary.cpp, line 256]
Event: 1.674 Thread 0x000002bb032993a0 Exception <a 'java/lang/ClassNotFoundException'{0x00000000a7d20120}: com/sun/swing/internal/plaf/basic/resources/spi/basicProvider> (0x00000000a7d20120) 
thrown [s\src\hotspot\share\classfile\systemDictionary.cpp, line 256]
Event: 1.717 Thread 0x000002bb1d287f30 Exception <a 'java/lang/NoSuchMethodError'{0x00000000a7ffb928}: 'void java.lang.invoke.DirectMethodHandle$Holder.invokeVirtual(java.lang.Object, java.lang.Object)'> (0x00000000a7ffb928) 
thrown [s\src\hotspot\share\interpreter\linkResolver.cpp, line 759]
Event: 1.751 Thread 0x000002bb032993a0 Exception <a 'java/lang/NoSuchMethodError'{0x00000000a7d5ad90}: 'void java.lang.invoke.DirectMethodHandle$Holder.invokeStaticInit(java.lang.Object)'> (0x00000000a7d5ad90) 
thrown [s\src\hotspot\share\interpreter\linkResolver.cpp, line 759]
Event: 2.723 Thread 0x000002bb1d722e90 Exception <a 'java/lang/NoSuchMethodError'{0x00000000a7a82bc8}: 'java.lang.Object java.lang.invoke.DirectMethodHandle$Holder.newInvokeSpecial(java.lang.Object, java.lang.Object, java.lang.Object, int, int, int, int, int)'> (0x00000000a7a82bc8) 
thrown [s\src\hotspot\share\interpreter\linkResolver.cpp, line 759]
Event: 2.912 Thread 0x000002bb032993a0 Exception <a 'java/lang/NoSuchMethodError'{0x00000000a7a472b0}: 'int java.lang.invoke.DirectMethodHandle$Holder.invokeStatic(java.lang.Object)'> (0x00000000a7a472b0) 
thrown [s\src\hotspot\share\interpreter\linkResolver.cpp, line 759]
Event: 18.053 Thread 0x000002bb1d530b60 Implicit null exception at 0x000002bb0e4aca73 to 0x000002bb0e4acb0c
Event: 18.068 Thread 0x000002bb1d726380 Implicit null exception at 0x000002bb0e4929f0 to 0x000002bb0e492c58

VM Operations (20 events):
Event: 14.288 Executing VM operation: Cleanup
Event: 14.288 Executing VM operation: Cleanup done
Event: 15.289 Executing VM operation: Cleanup
Event: 15.289 Executing VM operation: Cleanup done
Event: 16.297 Executing VM operation: Cleanup
Event: 16.298 Executing VM operation: Cleanup done
Event: 17.299 Executing VM operation: Cleanup
Event: 17.299 Executing VM operation: Cleanup done
Event: 18.300 Executing VM operation: Cleanup
Event: 18.301 Executing VM operation: Cleanup done
Event: 24.323 Executing VM operation: Cleanup
Event: 24.323 Executing VM operation: Cleanup done
Event: 24.904 Executing VM operation: G1CollectForAllocation
Event: 24.916 Executing VM operation: G1CollectForAllocation done
Event: 25.926 Executing VM operation: Cleanup
Event: 25.926 Executing VM operation: Cleanup done
Event: 26.941 Executing VM operation: Cleanup
Event: 26.941 Executing VM operation: Cleanup done
Event: 542.796 Executing VM operation: Cleanup
Event: 542.805 Executing VM operation: Cleanup done

Events (20 events):
Event: 26.096 loading class java/time/temporal/TemporalUnit done
Event: 26.096 loading class java/time/temporal/ChronoUnit done
Event: 26.096 loading class java/time/Duration
Event: 26.097 loading class java/time/temporal/TemporalAmount
Event: 26.097 loading class java/time/temporal/TemporalAmount done
Event: 26.097 loading class java/time/Duration done
Event: 26.097 loading class java/math/BigInteger
Event: 26.099 loading class java/math/BigInteger done
Event: 26.125 loading class java/security/DomainCombiner
Event: 26.127 loading class java/security/DomainCombiner done
Event: 26.637 loading class javax/swing/Timer$1
Event: 26.637 loading class javax/swing/Timer$1 done
Event: 17327.300 loading class java/util/Collections$SynchronizedSet
Event: 17327.479 loading class java/util/Collections$SynchronizedSet done
Event: 17327.499 loading class java/util/WeakHashMap$KeyIterator
Event: 17327.587 loading class java/util/WeakHashMap$HashIterator
Event: 17327.690 loading class java/util/WeakHashMap$HashIterator done
Event: 17327.691 loading class java/util/WeakHashMap$KeyIterator done
Event: 17328.089 loading class javax/swing/RepaintManager$DisplayChangedRunnable
Event: 17328.109 loading class javax/swing/RepaintManager$DisplayChangedRunnable done


Dynamic libraries:
0x00007ff74c870000 - 0x00007ff74c87e000 	C:\Users\mimiw\.p2\pool\plugins\org.eclipse.justj.openjdk.hotspot.jre.full.win32.x86_64_17.0.6.v20230204-1729\jre\bin\javaw.exe
0x00007ff9f6470000 - 0x00007ff9f6684000 	C:\WINDOWS\SYSTEM32\ntdll.dll
0x00007ff9f44e0000 - 0x00007ff9f45a3000 	C:\WINDOWS\System32\KERNEL32.DLL
0x00007ff9f3ac0000 - 0x00007ff9f3e5c000 	C:\WINDOWS\System32\KERNELBASE.dll
0x00007ff9f3e60000 - 0x00007ff9f3f71000 	C:\WINDOWS\System32\ucrtbase.dll
0x00007ff9cea20000 - 0x00007ff9cea37000 	C:\Users\mimiw\.p2\pool\plugins\org.eclipse.justj.openjdk.hotspot.jre.full.win32.x86_64_17.0.6.v20230204-1729\jre\bin\jli.dll
0x00007ff9cea40000 - 0x00007ff9cea59000 	C:\Users\mimiw\.p2\pool\plugins\org.eclipse.justj.openjdk.hotspot.jre.full.win32.x86_64_17.0.6.v20230204-1729\jre\bin\VCRUNTIME140.dll
0x00007ff9f4770000 - 0x00007ff9f491d000 	C:\WINDOWS\System32\USER32.dll
0x00007ff9f3f80000 - 0x00007ff9f3fa6000 	C:\WINDOWS\System32\win32u.dll
0x00007ff9d7710000 - 0x00007ff9d799e000 	C:\WINDOWS\WinSxS\amd64_microsoft.windows.common-controls_6595b64144ccf1df_6.0.22621.608_none_a9444ca7c10bb01d\COMCTL32.dll
0x00007ff9f4400000 - 0x00007ff9f4429000 	C:\WINDOWS\System32\GDI32.dll
0x00007ff9f58e0000 - 0x00007ff9f5987000 	C:\WINDOWS\System32\msvcrt.dll
0x00007ff9f3920000 - 0x00007ff9f3a33000 	C:\WINDOWS\System32\gdi32full.dll
0x00007ff9f4070000 - 0x00007ff9f410a000 	C:\WINDOWS\System32\msvcp_win.dll
0x00007ff9f5360000 - 0x00007ff9f5391000 	C:\WINDOWS\System32\IMM32.DLL
0x00007ff9e5070000 - 0x00007ff9e507c000 	C:\Users\mimiw\.p2\pool\plugins\org.eclipse.justj.openjdk.hotspot.jre.full.win32.x86_64_17.0.6.v20230204-1729\jre\bin\vcruntime140_1.dll
0x00007ff9ce980000 - 0x00007ff9cea11000 	C:\Users\mimiw\.p2\pool\plugins\org.eclipse.justj.openjdk.hotspot.jre.full.win32.x86_64_17.0.6.v20230204-1729\jre\bin\msvcp140.dll
0x00007ff99a920000 - 0x00007ff99b567000 	C:\Users\mimiw\.p2\pool\plugins\org.eclipse.justj.openjdk.hotspot.jre.full.win32.x86_64_17.0.6.v20230204-1729\jre\bin\server\jvm.dll
0x00007ff9f4430000 - 0x00007ff9f44de000 	C:\WINDOWS\System32\ADVAPI32.dll
0x00007ff9f6350000 - 0x00007ff9f63f4000 	C:\WINDOWS\System32\sechost.dll
0x00007ff9f4280000 - 0x00007ff9f4395000 	C:\WINDOWS\System32\RPCRT4.dll
0x00007ff9dc660000 - 0x00007ff9dc669000 	C:\WINDOWS\SYSTEM32\WSOCK32.dll
0x00007ff9eae00000 - 0x00007ff9eae34000 	C:\WINDOWS\SYSTEM32\WINMM.dll
0x00007ff9f5780000 - 0x00007ff9f57f1000 	C:\WINDOWS\System32\WS2_32.dll
0x00007ff9ea400000 - 0x00007ff9ea40a000 	C:\WINDOWS\SYSTEM32\VERSION.dll
0x00007ff9f29b0000 - 0x00007ff9f29c8000 	C:\WINDOWS\SYSTEM32\kernel.appcore.dll
0x00007ff9e8060000 - 0x00007ff9e806a000 	C:\Users\mimiw\.p2\pool\plugins\org.eclipse.justj.openjdk.hotspot.jre.full.win32.x86_64_17.0.6.v20230204-1729\jre\bin\jimage.dll
0x00007ff9f1350000 - 0x00007ff9f157e000 	C:\WINDOWS\SYSTEM32\DBGHELP.DLL
0x00007ff9f4da0000 - 0x00007ff9f5129000 	C:\WINDOWS\System32\combase.dll
0x00007ff9f5500000 - 0x00007ff9f55d7000 	C:\WINDOWS\System32\OLEAUT32.dll
0x00007ff9e5890000 - 0x00007ff9e58c2000 	C:\WINDOWS\SYSTEM32\dbgcore.DLL
0x00007ff9f3a40000 - 0x00007ff9f3abb000 	C:\WINDOWS\System32\bcryptPrimitives.dll
0x00007ff9e26d0000 - 0x00007ff9e26f5000 	C:\Users\mimiw\.p2\pool\plugins\org.eclipse.justj.openjdk.hotspot.jre.full.win32.x86_64_17.0.6.v20230204-1729\jre\bin\java.dll
0x00007ff9e55c0000 - 0x00007ff9e55d8000 	C:\Users\mimiw\.p2\pool\plugins\org.eclipse.justj.openjdk.hotspot.jre.full.win32.x86_64_17.0.6.v20230204-1729\jre\bin\zip.dll
0x00007ff9f5a40000 - 0x00007ff9f6230000 	C:\WINDOWS\System32\SHELL32.dll
0x00007ff9f1880000 - 0x00007ff9f214e000 	C:\WINDOWS\SYSTEM32\windows.storage.dll
0x00007ff9f1740000 - 0x00007ff9f187e000 	C:\WINDOWS\SYSTEM32\wintypes.dll
0x00007ff9f5400000 - 0x00007ff9f54f1000 	C:\WINDOWS\System32\SHCORE.dll
0x00007ff9f5130000 - 0x00007ff9f518e000 	C:\WINDOWS\System32\shlwapi.dll
0x00007ff9f37e0000 - 0x00007ff9f3801000 	C:\WINDOWS\SYSTEM32\profapi.dll
0x00007ff9e26b0000 - 0x00007ff9e26c9000 	C:\Users\mimiw\.p2\pool\plugins\org.eclipse.justj.openjdk.hotspot.jre.full.win32.x86_64_17.0.6.v20230204-1729\jre\bin\net.dll
0x00007ff9eb770000 - 0x00007ff9eb89f000 	C:\WINDOWS\SYSTEM32\WINHTTP.dll
0x00007ff9f2e10000 - 0x00007ff9f2e79000 	C:\WINDOWS\system32\mswsock.dll
0x00007ff9e2690000 - 0x00007ff9e26a5000 	C:\Users\mimiw\.p2\pool\plugins\org.eclipse.justj.openjdk.hotspot.jre.full.win32.x86_64_17.0.6.v20230204-1729\jre\bin\nio.dll
0x00007ff9ace90000 - 0x00007ff9ad01e000 	C:\Users\mimiw\.p2\pool\plugins\org.eclipse.justj.openjdk.hotspot.jre.full.win32.x86_64_17.0.6.v20230204-1729\jre\bin\awt.dll
0x00007ff9f0780000 - 0x00007ff9f0817000 	C:\WINDOWS\SYSTEM32\apphelp.dll
0x00007ff9f0b00000 - 0x00007ff9f0b2b000 	C:\WINDOWS\system32\DWMAPI.DLL
0x00007ff9f0870000 - 0x00007ff9f091b000 	C:\WINDOWS\system32\uxtheme.dll
0x00007ff990f00000 - 0x00007ff991000000 	C:\WINDOWS\system32\opengl32.dll
0x00007ff990ea0000 - 0x00007ff990ecd000 	C:\WINDOWS\SYSTEM32\GLU32.dll
0x00007ff9f0d30000 - 0x00007ff9f0d66000 	C:\WINDOWS\SYSTEM32\dxcore.dll
0x00007ff96c240000 - 0x00007ff96c379000 	C:\ProgramData\A-Volute\A-Volute.Nahimic\Modules\Scheduled\x64\AudioDevProps2.dll
0x00007ff9f55e0000 - 0x00007ff9f577c000 	C:\WINDOWS\System32\ole32.dll
0x00007ff9f4650000 - 0x00007ff9f476e000 	C:\WINDOWS\System32\MSCTF.dll
0x00007ff9e4870000 - 0x00007ff9e4a19000 	C:\WINDOWS\system32\d3d9.dll
0x00007ff9ea490000 - 0x00007ff9ea64b000 	C:\WINDOWS\System32\DriverStore\FileRepository\u0383722.inf_amd64_5cbaacf42cbd3812\B383240\aticfx64.dll
0x00007ff951c40000 - 0x00007ff951c74000 	C:\WINDOWS\System32\DriverStore\FileRepository\u0383722.inf_amd64_5cbaacf42cbd3812\B383240\atiu9p64.dll
0x00007ff950890000 - 0x00007ff9515e5000 	C:\WINDOWS\System32\DriverStore\FileRepository\u0383722.inf_amd64_5cbaacf42cbd3812\B383240\atiumd64.dll
0x0000000065450000 - 0x0000000066377000 	C:\WINDOWS\System32\DriverStore\FileRepository\u0383722.inf_amd64_5cbaacf42cbd3812\B383240\atiumd6a.dll
0x00007ff9f2780000 - 0x00007ff9f27cd000 	C:\WINDOWS\SYSTEM32\POWRPROF.dll
0x000002bb1e8e0000 - 0x000002bb1ed54000 	C:\WINDOWS\System32\SETUPAPI.dll
0x00007ff9f2760000 - 0x00007ff9f2773000 	C:\WINDOWS\SYSTEM32\UMPDC.dll
0x00007ff9e7a20000 - 0x00007ff9e7a55000 	C:\WINDOWS\SYSTEM32\amdihk64.dll
0x00007ff9ee810000 - 0x00007ff9ee859000 	C:\WINDOWS\SYSTEM32\directxdatabasehelper.dll
0x00007ff9cab30000 - 0x00007ff9cabb6000 	C:\Users\mimiw\.p2\pool\plugins\org.eclipse.justj.openjdk.hotspot.jre.full.win32.x86_64_17.0.6.v20230204-1729\jre\bin\freetype.dll
0x00007ff9ca940000 - 0x00007ff9caa05000 	C:\Users\mimiw\.p2\pool\plugins\org.eclipse.justj.openjdk.hotspot.jre.full.win32.x86_64_17.0.6.v20230204-1729\jre\bin\fontmanager.dll
0x00007ff9cee50000 - 0x00007ff9cef7e000 	C:\WINDOWS\SYSTEM32\textinputframework.dll
0x00007ff9eff60000 - 0x00007ff9f0093000 	C:\WINDOWS\SYSTEM32\CoreMessaging.dll
0x00007ff9eda90000 - 0x00007ff9eddfc000 	C:\WINDOWS\SYSTEM32\CoreUIComponents.dll
0x00007ff9f3010000 - 0x00007ff9f301c000 	C:\WINDOWS\SYSTEM32\CRYPTBASE.DLL
0x00007ff9f5990000 - 0x00007ff9f5a40000 	C:\WINDOWS\System32\clbcatq.dll
0x00007ff9eec20000 - 0x00007ff9eedd0000 	C:\WINDOWS\SYSTEM32\WindowsCodecs.dll
0x00007ff9c4b60000 - 0x00007ff9c4bbe000 	C:\WINDOWS\system32\dataexchange.dll
0x00007ff9eae80000 - 0x00007ff9eb0ea000 	C:\WINDOWS\system32\twinapi.appcore.dll

dbghelp: loaded successfully - version: 4.0.5 - missing functions: none
symbol engine: initialized successfully - sym options: 0x614 - pdb path: .;C:\Users\mimiw\.p2\pool\plugins\org.eclipse.justj.openjdk.hotspot.jre.full.win32.x86_64_17.0.6.v20230204-1729\jre\bin;C:\WINDOWS\SYSTEM32;C:\WINDOWS\WinSxS\amd64_microsoft.windows.common-controls_6595b64144ccf1df_6.0.22621.608_none_a9444ca7c10bb01d;C:\Users\mimiw\.p2\pool\plugins\org.eclipse.justj.openjdk.hotspot.jre.full.win32.x86_64_17.0.6.v20230204-1729\jre\bin\server;C:\ProgramData\A-Volute\A-Volute.Nahimic\Modules\Scheduled\x64;C:\WINDOWS\System32\DriverStore\FileRepository\u0383722.inf_amd64_5cbaacf42cbd3812\B383240

VM Arguments:
jvm_args: -Dfile.encoding=UTF-8 -XX:+ShowCodeDetailsInExceptionMessages 
java_command: Main
java_class_path (initial): C:\Users\mimiw\GitHub\Road-Intersection\CW1\bin;C:\Users\mimiw\.p2\pool\plugins\junit-jupiter-api_5.9.1.jar;C:\Users\mimiw\.p2\pool\plugins\junit-jupiter-engine_5.9.1.jar;C:\Users\mimiw\.p2\pool\plugins\junit-jupiter-migrationsupport_5.9.1.jar;C:\Users\mimiw\.p2\pool\plugins\junit-jupiter-params_5.9.1.jar;C:\Users\mimiw\.p2\pool\plugins\junit-platform-commons_1.9.1.jar;C:\Users\mimiw\.p2\pool\plugins\junit-platform-engine_1.9.1.jar;C:\Users\mimiw\.p2\pool\plugins\junit-platform-launcher_1.9.1.jar;C:\Users\mimiw\.p2\pool\plugins\junit-platform-runner_1.9.1.jar;C:\Users\mimiw\.p2\pool\plugins\junit-platform-suite-api_1.9.1.jar;C:\Users\mimiw\.p2\pool\plugins\junit-platform-suite-engine_1.9.1.jar;C:\Users\mimiw\.p2\pool\plugins\junit-platform-suite-commons_1.9.1.jar;C:\Users\mimiw\.p2\pool\plugins\junit-vintage-engine_5.9.1.jar;C:\Users\mimiw\.p2\pool\plugins\org.opentest4j_1.2.0.jar;C:\Users\mimiw\.p2\pool\plugins\org.apiguardian.api_1.1.2.jar;C:\Users\mimiw\.p2\pool\plugins\org.junit_4.13.2.v20211018-1956.jar;C:\Users\mimiw\.p2\pool\plugins\org.hamcrest.core_1.3.0.v20180420-1519.jar
Launcher Type: SUN_STANDARD

[Global flags]
     intx CICompilerCount                          = 4                                         {product} {ergonomic}
     uint ConcGCThreads                            = 3                                         {product} {ergonomic}
     uint G1ConcRefinementThreads                  = 10                                        {product} {ergonomic}
   size_t G1HeapRegionSize                         = 1048576                                   {product} {ergonomic}
    uintx GCDrainStackTargetSize                   = 64                                        {product} {ergonomic}
   size_t InitialHeapSize                          = 98566144                                  {product} {ergonomic}
   size_t MarkStackSize                            = 4194304                                   {product} {ergonomic}
   size_t MaxHeapSize                              = 1572864000                                {product} {ergonomic}
   size_t MaxNewSize                               = 943718400                                 {product} {ergonomic}
   size_t MinHeapDeltaBytes                        = 1048576                                   {product} {ergonomic}
   size_t MinHeapSize                              = 8388608                                   {product} {ergonomic}
    uintx NonNMethodCodeHeapSize                   = 5839372                                {pd product} {ergonomic}
    uintx NonProfiledCodeHeapSize                  = 122909434                              {pd product} {ergonomic}
    uintx ProfiledCodeHeapSize                     = 122909434                              {pd product} {ergonomic}
    uintx ReservedCodeCacheSize                    = 251658240                              {pd product} {ergonomic}
     bool SegmentedCodeCache                       = true                                      {product} {ergonomic}
     bool ShowCodeDetailsInExceptionMessages       = true                                   {manageable} {command line}
   size_t SoftMaxHeapSize                          = 1572864000                             {manageable} {ergonomic}
     bool UseCompressedClassPointers               = true                           {product lp64_product} {ergonomic}
     bool UseCompressedOops                        = true                           {product lp64_product} {ergonomic}
     bool UseG1GC                                  = true                                      {product} {ergonomic}
     bool UseLargePagesIndividualAllocation        = false                                  {pd product} {ergonomic}

Logging:
Log output configuration:
 #0: stdout all=warning uptime,level,tags
 #1: stderr all=off uptime,level,tags

Environment Variables:
PATH=C:/Users/mimiw/.p2/pool/plugins/org.eclipse.justj.openjdk.hotspot.jre.full.win32.x86_64_17.0.6.v20230204-1729/jre/bin/server;C:/Users/mimiw/.p2/pool/plugins/org.eclipse.justj.openjdk.hotspot.jre.full.win32.x86_64_17.0.6.v20230204-1729/jre/bin;C:\Program Files\Common Files\Oracle\Java\javapath;C:\Windows\system32;C:\Windows;C:\Windows\System32\Wbem;C:\Windows\System32\WindowsPowerShell\v1.0\;C:\Windows\System32\OpenSSH\;C:\Program Files (x86)\NVIDIA Corporation\PhysX\Common;C:\WINDOWS\system32;C:\WINDOWS;C:\WINDOWS\System32\Wbem;C:\WINDOWS\System32\WindowsPowerShell\v1.0\;C:\WINDOWS\System32\OpenSSH\;C:\Program Files\NVIDIA Corporation\NVIDIA NvDLISR;C:\Program Files\Docker\Docker\resources\bin;C:\Users\mimiw\AppData\Local\Microsoft\WindowsApps;C:\Users\mimiw\AppData\Local\Programs\Microsoft VS Code\bin;C:\ProgramData\mimiw\GitHubDesktop\bin;C:\Users\mimiw\AppData\Local\GitHubDesktop\bin;C:\Program Files\MongoDB\Server\6.0\bin;C:\Program Files\MongoDB\Tools\100\bin;;C:\WINDOWS\system32;
USERNAME=mimiw
OS=Windows_NT
PROCESSOR_IDENTIFIER=AMD64 Family 25 Model 80 Stepping 0, AuthenticAMD
TMP=C:\Users\mimiw\AppData\Local\Temp
TEMP=C:\Users\mimiw\AppData\Local\Temp



---------------  S Y S T E M  ---------------

OS:
 Windows 11 , 64 bit Build 22621 (10.0.22621.1344)
OS uptime: 0 days 10:31 hours
Hyper-V role detected

CPU: total 12 (initial active 12) (12 cores per cpu, 2 threads per core) family 25 model 80 stepping 0 microcode 0x0, cx8, cmov, fxsr, ht, mmx, 3dnowpref, sse, sse2, sse3, ssse3, sse4a, sse4.1, sse4.2, popcnt, lzcnt, tsc, tscinvbit, avx, avx2, aes, erms, clmul, bmi1, bmi2, adx, sha, fma, vzeroupper, clflush, clflushopt, hv

Memory: 4k page, system-wide physical 5996M (51M free)
TotalPageFile size 24428M (AvailPageFile size 6M)
current process WorkingSet (physical memory assigned to process): 39M, peak: 143M
current process commit charge ("private bytes"): 277M, peak: 326M

vm_info: OpenJDK 64-Bit Server VM (17.0.6+10) for windows-amd64 JRE (17.0.6+10), built on Jan 18 2023 10:08:59 by "temurin" with MS VC++ 16.7 (VS2019)

END.
